<?xml version="1.0" encoding="UTF-8"?>
<!-- Generated by org.testng.reporters.JUnitReportReporter -->
<testsuite hostname="Pragti" failures="0" tests="1" name="lo.getTest" time="4.359" errors="0" timestamp="2024-08-29T14:37:49 IST" skipped="0">
  <testcase classname="lo.getTest" name="fTest" time="4.359"/>
  <system-out/>
</testsuite> <!-- lo.getTest -->
