<?xml version="1.0" encoding="UTF-8"?>
<!-- Generated by org.testng.reporters.JUnitReportReporter -->
<testsuite hostname="Pragti" failures="0" tests="1" name="alwayspracticehere.NewGETTTTTTest" time="3.181" errors="0" timestamp="2024-07-20T10:02:39 IST" skipped="0">
  <testcase classname="alwayspracticehere.NewGETTTTTTest" name="fTest" time="3.181"/>
  <system-out/>
</testsuite> <!-- alwayspracticehere.NewGETTTTTTest -->
