<?xml version="1.0" encoding="UTF-8"?>
<!-- Generated by org.testng.reporters.JUnitReportReporter -->
<testsuite hostname="Pragti" failures="0" tests="1" name="alwayspracticehere.klgeteTest" time="3.426" errors="0" timestamp="2024-07-31T13:27:25 IST" skipped="0">
  <testcase classname="alwayspracticehere.klgeteTest" name="fTest" time="3.426"/>
  <system-out/>
</testsuite> <!-- alwayspracticehere.klgeteTest -->
