<?xml version="1.0" encoding="UTF-8"?>
<!-- Generated by org.testng.reporters.JUnitReportReporter -->
<testsuite hostname="Pragti" failures="0" tests="1" name="alwayspracticehere.getrequestssssssTest" time="9.320" errors="0" timestamp="2024-08-12T11:27:49 IST" skipped="0">
  <testcase classname="alwayspracticehere.getrequestssssssTest" name="fTest" time="9.320"/>
  <system-out/>
</testsuite> <!-- alwayspracticehere.getrequestssssssTest -->
