<?xml version="1.0" encoding="UTF-8"?>
<!-- Generated by org.testng.reporters.JUnitReportReporter -->
<testsuite hostname="Pragti" failures="0" tests="1" name="alwayspracticehere.NewgetTest" time="4.993" errors="0" timestamp="2024-09-05T11:10:27 IST" skipped="0">
  <testcase classname="alwayspracticehere.NewgetTest" name="feeTest" time="4.993"/>
  <system-out/>
</testsuite> <!-- alwayspracticehere.NewgetTest -->
