<?xml version="1.0" encoding="UTF-8"?>
<!-- Generated by org.testng.reporters.JUnitReportReporter -->
<testsuite hostname="Pragti" failures="0" tests="1" name="alwayspracticehere.NewddTest" time="0.140" errors="0" timestamp="2024-08-12T11:24:39 IST" skipped="0">
  <testcase classname="alwayspracticehere.NewddTest" name="getTest" time="0.140"/>
  <system-out/>
</testsuite> <!-- alwayspracticehere.NewddTest -->
