<?xml version="1.0" encoding="UTF-8"?>
<!-- Generated by org.testng.reporters.JUnitReportReporter -->
<testsuite hostname="Pragti" failures="0" tests="3" name="alwayspracticehere.geeeeeTest" time="2.977" errors="0" timestamp="2024-08-23T11:00:13 IST" skipped="2">
  <testcase classname="alwayspracticehere.geeeeeTest" name="getssecs2Test" time="2.977"/>
  <system-out/>
  <testcase classname="alwayspracticehere.geeeeeTest" name="getssecsTest">
    <skipped/>
  </testcase> <!-- getssecsTest -->
  <system-out/>
  <testcase classname="alwayspracticehere.geeeeeTest" name="getsssTest">
    <skipped/>
  </testcase> <!-- getsssTest -->
  <system-out/>
</testsuite> <!-- alwayspracticehere.geeeeeTest -->
