<?xml version="1.0" encoding="UTF-8"?>
<!-- Generated by org.testng.reporters.JUnitReportReporter -->
<testsuite hostname="Pragti" failures="0" tests="1" name="alwayspracticehere.GETrrrrTest" time="4.292" errors="0" timestamp="2024-05-01T14:37:10 IST" skipped="0">
  <testcase classname="alwayspracticehere.GETrrrrTest" name="fTest" time="4.292"/>
  <system-out/>
</testsuite> <!-- alwayspracticehere.GETrrrrTest -->
