<?xml version="1.0" encoding="UTF-8"?>
<!-- Generated by org.testng.reporters.JUnitReportReporter -->
<testsuite hostname="Pragti" failures="0" tests="1" name="alwayspracticehere.veryimpTest" time="3.902" errors="0" timestamp="2024-07-08T16:52:21 IST" skipped="0">
  <testcase classname="alwayspracticehere.veryimpTest" name="fTest" time="3.902"/>
  <system-out/>
</testsuite> <!-- alwayspracticehere.veryimpTest -->
