<?xml version="1.0" encoding="UTF-8"?>
<!-- Generated by org.testng.reporters.JUnitReportReporter -->
<testsuite hostname="Pragti" failures="0" tests="1" name="paassss.New333Test" time="11.407" errors="0" timestamp="2024-09-11T08:16:16 IST" skipped="0">
  <testcase classname="paassss.New333Test" name="f1Test" time="11.407"/>
  <system-out/>
</testsuite> <!-- paassss.New333Test -->
