<?xml version="1.0" encoding="UTF-8"?>
<!-- Generated by org.testng.reporters.JUnitReportReporter -->
<testsuite hostname="Pragti" failures="0" tests="1" name="alwayspracticehere.NewgetTest" time="7.739" errors="0" timestamp="2024-08-09T14:48:27 IST" skipped="0">
  <testcase classname="alwayspracticehere.NewgetTest" name="fTest" time="7.739"/>
  <system-out/>
</testsuite> <!-- alwayspracticehere.NewgetTest -->
