<?xml version="1.0" encoding="UTF-8"?>
<!-- Generated by org.testng.reporters.JUnitReportReporter -->
<testsuite hostname="Pragti" failures="0" tests="1" name="ll.New22Test" time="4.430" errors="0" timestamp="2024-08-28T10:45:58 IST" skipped="0">
  <testcase classname="ll.New22Test" name="fTest" time="4.430"/>
  <system-out/>
</testsuite> <!-- ll.New22Test -->
