<?xml version="1.0" encoding="UTF-8"?>
<!-- Generated by org.testng.reporters.JUnitReportReporter -->
<testsuite hostname="Pragti" failures="0" tests="1" name="tests.New1111Test" time="3.604" errors="0" timestamp="2024-04-05T12:05:02 IST" skipped="0">
  <testcase classname="tests.New1111Test" name="getTest" time="3.604"/>
  <system-out/>
</testsuite> <!-- tests.New1111Test -->
