<?xml version="1.0" encoding="UTF-8"?>
<!-- Generated by org.testng.reporters.JUnitReportReporter -->
<testsuite hostname="Pragti" failures="0" tests="1" name="alwayspracticehere.Get22222Test" time="4.179" errors="0" timestamp="2024-09-03T11:49:46 IST" skipped="0">
  <testcase classname="alwayspracticehere.Get22222Test" name="fTest" time="4.179"/>
  <system-out/>
</testsuite> <!-- alwayspracticehere.Get22222Test -->
