<?xml version="1.0" encoding="UTF-8"?>
<!-- Generated by org.testng.reporters.JUnitReportReporter -->
<testsuite hostname="Pragti" failures="0" tests="1" name="alwayspracticehere.putTest" time="4.380" errors="0" timestamp="2024-06-24T18:16:25 IST" skipped="0">
  <testcase classname="alwayspracticehere.putTest" name="fTest" time="4.380"/>
  <system-out/>
</testsuite> <!-- alwayspracticehere.putTest -->
