<?xml version="1.0" encoding="UTF-8"?>
<!-- Generated by org.testng.reporters.JUnitReportReporter -->
<testsuite hostname="Pragti" failures="0" tests="1" name="dccv.Getttt11" time="3.241" errors="0" timestamp="2024-08-06T15:41:27 IST" skipped="0">
  <testcase classname="dccv.Getttt11" name="getiTest" time="3.241"/>
  <system-out/>
</testsuite> <!-- dccv.Getttt11 -->
