<?xml version="1.0" encoding="UTF-8"?>
<!-- Generated by org.testng.reporters.JUnitReportReporter -->
<testsuite hostname="Pragti" failures="0" tests="1" name="alwayspracticehere.DFTest" time="5.219" errors="0" timestamp="2024-09-04T11:41:03 IST" skipped="0">
  <testcase classname="alwayspracticehere.DFTest" name="fTest" time="5.219"/>
  <system-out/>
</testsuite> <!-- alwayspracticehere.DFTest -->
