<?xml version="1.0" encoding="UTF-8"?>
<!-- Generated by org.testng.reporters.JUnitReportReporter -->
<testsuite hostname="Pragti" failures="0" tests="1" name="alwayspracticehere.allrequestTest" time="4.524" errors="0" timestamp="2024-07-26T17:27:54 IST" skipped="0">
  <testcase classname="alwayspracticehere.allrequestTest" name="fTest" time="4.524"/>
  <system-out/>
</testsuite> <!-- alwayspracticehere.allrequestTest -->
