<?xml version="1.0" encoding="UTF-8"?>
<!-- Generated by org.testng.reporters.JUnitReportReporter -->
<testsuite hostname="Pragti" failures="0" tests="1" name="alwayspracticehere.NewgeeeeTest" time="5.010" errors="0" timestamp="2024-08-15T12:56:11 IST" skipped="0">
  <testcase classname="alwayspracticehere.NewgeeeeTest" name="feeerTest" time="5.010"/>
  <system-out/>
</testsuite> <!-- alwayspracticehere.NewgeeeeTest -->
