<?xml version="1.0" encoding="UTF-8"?>
<!-- Generated by org.testng.reporters.JUnitReportReporter -->
<testsuite hostname="Pragti" failures="0" tests="1" name="alwayspracticehere.Getpost1" time="6.428" errors="0" timestamp="2024-08-22T15:47:07 IST" skipped="0">
  <testcase classname="alwayspracticehere.Getpost1" name="setd4Test" time="6.428"/>
  <system-out/>
</testsuite> <!-- alwayspracticehere.Getpost1 -->
