<?xml version="1.0" encoding="UTF-8"?>
<!-- Generated by org.testng.reporters.JUnitReportReporter -->
<testsuite hostname="Pragti" failures="0" tests="1" name="alwayspracticehere.NewcccTest" time="5.194" errors="0" timestamp="2024-08-17T08:57:03 IST" skipped="0">
  <testcase classname="alwayspracticehere.NewcccTest" name="fTest" time="5.194"/>
  <system-out/>
</testsuite> <!-- alwayspracticehere.NewcccTest -->
