<?xml version="1.0" encoding="UTF-8"?>
<!-- Generated by org.testng.reporters.JUnitReportReporter -->
<testsuite hostname="Pragti" failures="0" tests="4" name="alwayspracticehere.geeeeeTest" time="4.095" errors="0" timestamp="2024-09-16T12:43:12 IST" skipped="2">
  <testcase classname="alwayspracticehere.geeeeeTest" name="getssesTest" time="0.419"/>
  <system-out/>
  <testcase classname="alwayspracticehere.geeeeeTest" name="getssecs2Test" time="3.676"/>
  <system-out/>
  <testcase classname="alwayspracticehere.geeeeeTest" name="getssecsTest">
    <skipped/>
  </testcase> <!-- getssecsTest -->
  <system-out/>
  <testcase classname="alwayspracticehere.geeeeeTest" name="getsssTest">
    <skipped/>
  </testcase> <!-- getsssTest -->
  <system-out/>
</testsuite> <!-- alwayspracticehere.geeeeeTest -->
