<?xml version="1.0" encoding="UTF-8"?>
<!-- Generated by org.testng.reporters.JUnitReportReporter -->
<testsuite hostname="Pragti" failures="0" tests="1" name="dccv.postssssTest" time="4.257" errors="0" timestamp="2024-08-30T12:06:39 IST" skipped="0">
  <testcase classname="dccv.postssssTest" name="fTest" time="4.257"/>
  <system-out/>
</testsuite> <!-- dccv.postssssTest -->
