<?xml version="1.0" encoding="UTF-8"?>
<!-- Generated by org.testng.reporters.JUnitReportReporter -->
<testsuite hostname="Pragti" failures="0" tests="2" name="alwayspracticehere.NewTest" time="4.554" errors="0" timestamp="2024-05-31T12:47:20 IST" skipped="0">
  <testcase classname="alwayspracticehere.NewTest" name="fkTest" time="1.328"/>
  <system-out/>
  <testcase classname="alwayspracticehere.NewTest" name="fTest" time="3.226"/>
  <system-out/>
</testsuite> <!-- alwayspracticehere.NewTest -->
