<?xml version="1.0" encoding="UTF-8"?>
<!-- Generated by org.testng.reporters.JUnitReportReporter -->
<testsuite hostname="Pragti" failures="0" tests="1" name="paassss.NewTest" time="3.851" errors="0" timestamp="2024-08-19T13:33:36 IST" skipped="0">
  <testcase classname="paassss.NewTest" name="fTest" time="3.851"/>
  <system-out/>
</testsuite> <!-- paassss.NewTest -->
