<?xml version="1.0" encoding="UTF-8"?>
<!-- Generated by org.testng.reporters.JUnitReportReporter -->
<testsuite hostname="Pragti" failures="0" tests="5" name="alwayspracticehere.Get66Test" time="4.658" errors="0" timestamp="2024-09-16T12:02:21 IST" skipped="0">
  <testcase classname="alwayspracticehere.Get66Test" name="fouTest" time="0.143"/>
  <system-out/>
  <testcase classname="alwayspracticehere.Get66Test" name="fivTest" time="0.140"/>
  <system-out/>
  <testcase classname="alwayspracticehere.Get66Test" name="secTest" time="0.116"/>
  <system-out/>
  <testcase classname="alwayspracticehere.Get66Test" name="thiTest" time="0.109"/>
  <system-out/>
  <testcase classname="alwayspracticehere.Get66Test" name="firstTest" time="4.150"/>
  <system-out/>
</testsuite> <!-- alwayspracticehere.Get66Test -->
