<?xml version="1.0" encoding="UTF-8"?>
<!-- Generated by org.testng.reporters.JUnitReportReporter -->
<testsuite hostname="Pragti" failures="0" tests="1" name="pac222.NewTest" time="3.985" errors="0" timestamp="2024-05-22T11:51:41 IST" skipped="0">
  <testcase classname="pac222.NewTest" name="fTest" time="3.985"/>
  <system-out/>
</testsuite> <!-- pac222.NewTest -->
