<?xml version="1.0" encoding="UTF-8"?>
<!-- Generated by org.testng.reporters.JUnitReportReporter -->
<testsuite hostname="Pragti" failures="0" tests="2" name="d222.New33Test" time="4.931" errors="0" timestamp="2024-08-23T16:45:36 IST" skipped="0">
  <testcase classname="d222.New33Test" name="fhTest" time="0.228"/>
  <system-out/>
  <testcase classname="d222.New33Test" name="fTest" time="4.703"/>
  <system-out/>
</testsuite> <!-- d222.New33Test -->
