<?xml version="1.0" encoding="UTF-8"?>
<!-- Generated by org.testng.reporters.JUnitReportReporter -->
<testsuite hostname="Pragti" failures="0" tests="1" name="hamcrestassertions.AssertionTest" time="5.367" errors="0" timestamp="2024-04-03T12:49:48 IST" skipped="0">
  <testcase classname="hamcrestassertions.AssertionTest" name="getTest" time="5.367"/>
  <system-out/>
</testsuite> <!-- hamcrestassertions.AssertionTest -->
