<?xml version="1.0" encoding="UTF-8"?>
<!-- Generated by org.testng.reporters.JUnitReportReporter -->
<testsuite hostname="Pragti" failures="0" tests="3" name="alwayspracticehere.geeeeeTest" time="8.102" errors="0" timestamp="2024-09-04T17:15:48 IST" skipped="2">
  <testcase classname="alwayspracticehere.geeeeeTest" name="getssesTest" time="8.102"/>
  <system-out/>
  <testcase classname="alwayspracticehere.geeeeeTest" name="getsssTest">
    <skipped/>
  </testcase> <!-- getsssTest -->
  <system-out/>
  <testcase classname="alwayspracticehere.geeeeeTest" name="getssecsTest">
    <skipped/>
  </testcase> <!-- getssecsTest -->
  <system-out/>
</testsuite> <!-- alwayspracticehere.geeeeeTest -->
