<?xml version="1.0" encoding="UTF-8"?>
<!-- Generated by org.testng.reporters.JUnitReportReporter -->
<testsuite hostname="Pragti" failures="0" tests="1" name="watssssss.NewTest" time="3.843" errors="0" timestamp="2024-07-01T17:10:48 IST" skipped="0">
  <testcase classname="watssssss.NewTest" name="fTest" time="3.843"/>
  <system-out/>
</testsuite> <!-- watssssss.NewTest -->
