<?xml version="1.0" encoding="UTF-8"?>
<!-- Generated by org.testng.reporters.JUnitReportReporter -->
<testsuite hostname="Pragti" failures="0" tests="3" name="alwayspracticehere.getttTest" time="4.755" errors="0" timestamp="2024-07-20T15:28:22 IST" skipped="0">
  <testcase classname="alwayspracticehere.getttTest" name="fTest" time="3.196"/>
  <system-out/>
  <testcase classname="alwayspracticehere.getttTest" name="fjkTest" time="1.349"/>
  <system-out/>
  <testcase classname="alwayspracticehere.getttTest" name="fjkhTest" time="0.210"/>
  <system-out/>
</testsuite> <!-- alwayspracticehere.getttTest -->
