<?xml version="1.0" encoding="UTF-8"?>
<!-- Generated by org.testng.reporters.JUnitReportReporter -->
<testsuite hostname="Pragti" failures="0" tests="1" name="pac111.GetttTest" time="3.799" errors="0" timestamp="2024-08-20T13:50:35 IST" skipped="0">
  <testcase classname="pac111.GetttTest" name="fTest" time="3.799"/>
  <system-out/>
</testsuite> <!-- pac111.GetttTest -->
