<?xml version="1.0" encoding="UTF-8"?>
<!-- Generated by org.testng.reporters.JUnitReportReporter -->
<testsuite hostname="Pragti" failures="0" tests="1" name="alwayspracticehere.HhTest" time="3.625" errors="0" timestamp="2024-08-08T16:24:02 IST" skipped="0">
  <testcase classname="alwayspracticehere.HhTest" name="fTest" time="3.625"/>
  <system-out/>
</testsuite> <!-- alwayspracticehere.HhTest -->
