<?xml version="1.0" encoding="UTF-8"?>
<!-- Generated by org.testng.reporters.JUnitReportReporter -->
<testsuite hostname="Pragti" failures="0" tests="1" name="k.NewddTest" time="4.711" errors="0" timestamp="2024-08-02T14:45:47 IST" skipped="0">
  <testcase classname="k.NewddTest" name="fTest" time="4.711"/>
  <system-out/>
</testsuite> <!-- k.NewddTest -->
