<?xml version="1.0" encoding="UTF-8"?>
<!-- Generated by org.testng.reporters.JUnitReportReporter -->
<testsuite hostname="Pragti" failures="0" tests="1" name="alwayspracticehere.Get6Test" time="4.566" errors="0" timestamp="2024-10-11T08:54:12 IST" skipped="0">
  <testcase classname="alwayspracticehere.Get6Test" name="fTest" time="4.566"/>
  <system-out/>
</testsuite> <!-- alwayspracticehere.Get6Test -->
