<?xml version="1.0" encoding="UTF-8"?>
<!-- Generated by org.testng.reporters.JUnitReportReporter -->
<testsuite hostname="Pragti" failures="0" tests="8" name="alwayspracticehere.GetttttT222222222Test" time="7.075" errors="0" timestamp="2024-08-14T14:31:02 IST" skipped="0">
  <testcase classname="alwayspracticehere.GetttttT222222222Test" name="fl000Test" time="0.334"/>
  <system-out/>
  <testcase classname="alwayspracticehere.GetttttT222222222Test" name="fll0Test" time="0.554"/>
  <system-out/>
  <testcase classname="alwayspracticehere.GetttttT222222222Test" name="fTest" time="3.663"/>
  <system-out/>
  <testcase classname="alwayspracticehere.GetttttT222222222Test" name="flTest" time="0.592"/>
  <system-out/>
  <testcase classname="alwayspracticehere.GetttttT222222222Test" name="flkTest" time="0.358"/>
  <system-out/>
  <testcase classname="alwayspracticehere.GetttttT222222222Test" name="flljjTest" time="0.595"/>
  <system-out/>
  <testcase classname="alwayspracticehere.GetttttT222222222Test" name="fllTest" time="0.617"/>
  <system-out/>
  <testcase classname="alwayspracticehere.GetttttT222222222Test" name="fl8800Test" time="0.362"/>
  <system-out/>
</testsuite> <!-- alwayspracticehere.GetttttT222222222Test -->
