<?xml version="1.0" encoding="UTF-8"?>
<!-- Generated by org.testng.reporters.JUnitReportReporter -->
<testsuite hostname="Pragti" failures="0" tests="1" name="alwayspracticehere.AsserttionsssTest" time="7.832" errors="0" timestamp="2024-08-08T16:23:16 IST" skipped="0">
  <testcase classname="alwayspracticehere.AsserttionsssTest" name="fTest" time="7.832"/>
  <system-out/>
</testsuite> <!-- alwayspracticehere.AsserttionsssTest -->
