<?xml version="1.0" encoding="UTF-8"?>
<!-- Generated by org.testng.reporters.JUnitReportReporter -->
<testsuite hostname="Pragti" failures="0" tests="1" name="pac2.Gettt22Test" time="4.058" errors="0" timestamp="2024-08-24T10:20:12 IST" skipped="0">
  <testcase classname="pac2.Gettt22Test" name="fTest" time="4.058"/>
  <system-out/>
</testsuite> <!-- pac2.Gettt22Test -->
