<?xml version="1.0" encoding="UTF-8"?>
<!-- Generated by org.testng.reporters.JUnitReportReporter -->
<testsuite hostname="Pragti" failures="0" tests="3" name="paassss.Get45Test" time="7.833" errors="0" timestamp="2024-09-10T11:16:57 IST" skipped="0">
  <testcase classname="paassss.Get45Test" name="feTest" time="0.502"/>
  <system-out/>
  <testcase classname="paassss.Get45Test" name="fTest" time="6.798"/>
  <system-out/>
  <testcase classname="paassss.Get45Test" name="feeTest" time="0.533"/>
  <system-out/>
</testsuite> <!-- paassss.Get45Test -->
