<?xml version="1.0" encoding="UTF-8"?>
<!-- Generated by org.testng.reporters.JUnitReportReporter -->
<testsuite hostname="Pragti" failures="0" tests="1" name="hamcrestassertions.AssertionpracagainTest" time="6.020" errors="0" timestamp="2024-04-09T12:50:31 IST" skipped="0">
  <testcase classname="hamcrestassertions.AssertionpracagainTest" name="getTest" time="6.020"/>
  <system-out/>
</testsuite> <!-- hamcrestassertions.AssertionpracagainTest -->
