<?xml version="1.0" encoding="UTF-8"?>
<!-- Generated by org.testng.reporters.JUnitReportReporter -->
<testsuite hostname="Pragti" failures="0" tests="1" name="alwayspracticehere.getgetgetTest" time="4.522" errors="0" timestamp="2024-10-10T15:19:33 IST" skipped="0">
  <testcase classname="alwayspracticehere.getgetgetTest" name="ddfTest" time="4.522"/>
  <system-out/>
</testsuite> <!-- alwayspracticehere.getgetgetTest -->
