<?xml version="1.0" encoding="UTF-8"?>
<!-- Generated by org.testng.reporters.JUnitReportReporter -->
<testsuite hostname="Pragti" failures="0" tests="1" name="alwayspracticehere.putttt1Test" time="3.401" errors="0" timestamp="2024-06-25T14:34:33 IST" skipped="0">
  <testcase classname="alwayspracticehere.putttt1Test" name="fTest" time="3.401"/>
  <system-out/>
</testsuite> <!-- alwayspracticehere.putttt1Test -->
