<?xml version="1.0" encoding="UTF-8"?>
<!-- Generated by org.testng.reporters.JUnitReportReporter -->
<testsuite hostname="Pragti" failures="1" tests="1" name="alwayspracticehere.NewhTest" time="5.863" errors="0" timestamp="2024-04-30T12:50:43 IST" skipped="0">
  <testcase classname="alwayspracticehere.NewhTest" name="fioTest" time="5.863">
    <failure message="1 expectation failed.
JSON path bookingid doesn&#039;t match.
Expected: &lt;1087&gt;
  Actual: &lt;[3426, 4818, 1087, 1996, 124, 2930, 4078, 2576, 3248, 119, 4135, 733, 4361, 1105, 3165, 4403, 331, 1722, 2202, 3836, 2160, 3728, 2484, 3358, 1836, 3524, 2819, 276, 3494, 40, 587, 414, 588, 25, 1673, 217, 602, 2760, 3715, 1461, 1378, 2240, 3542, 2184, 2039, 1259, 598, 4790, 3299, 4475, 736, 109, 4303, 292, 494, 3866, 2001, 1920, 1044, 3578, 1310, 2691, 3798, 2642, 1300, 3674, 810, 114, 3225, 1306, 470, 3419, 4182, 100, 2011, 2452, 4096, 2219, 4465, 3802, 579, 3485, 3192, 2755, 1804, 2773, 3324, 3804, 68, 1078, 1037, 4320, 2363, 4362, 668, 1598, 2272, 2522, 3112, 354, 3638, 977, 488, 4746, 1968, 483, 875, 1797, 2868, 4726, 1655, 4268, 3028, 2200, 3560, 3130, 1521, 3228, 2330, 1731, 2064, 3645, 1730, 4616, 2673, 4208, 3914, 2198, 3660, 3107, 800, 1125, 132, 1159, 60, 971, 4479, 907, 1671, 2529, 4034, 2729, 2839, 871, 1725, 2369, 3687, 911, 3934, 2306, 3591, 4261, 3553, 4109, 534, 4766, 586, 1433, 4332, 3072, 2998, 2285, 4457, 4528, 1423, 1921, 2449, 1370, 3329, 4396, 254, 4691, 4780, 1867, 1507, 2682, 2373, 3404, 3067, 4089, 4022, 4476, 1564, 4005, 2074, 4615, 3157, 444, 2458, 1964, 3669, 4039, 1446, 1408, 1188, 4666, 765, 2821, 1058, 4055, 3926, 3047, 2002, 1898, 324, 145, 3442, 2052, 1257, 190, 2512, 79, 4807, 2299, 4155, 1305, 461, 2027, 1375, 26, 105, 1207, 4664, 1956, 2024, 417, 1045, 1415, 445, 2929, 303, 2575, 495, 2612, 3216, 627, 721, 2775, 4265, 3506, 343, 4112, 695, 3481, 3044, 1479, 532, 2354, 29, 1503, 509, 3143, 4178, 1281, 86, 1588, 20, 4252, 3561, 95, 3423, 2473, 1795, 1351, 4113, 3902, 1568, 273, 4579, 458, 3815, 1396, 4159, 1174, 913, 3720, 270, 2088, 4347, 4346, 3664, 1825, 3393, 856, 4660, 4279, 3071, 279, 3051, 1847, 118, 2442, 565, 1765, 3076, 285, 3458, 3563, 62, 3843, 3173, 4398, 2261, 2874, 3868, 3438, 835, 4420, 2460, 4677, 2127, 43, 1260, 3893, 1520, 1826, 4093, 1604, 2433, 1143, 2737, 2328, 4788, 3640, 2848, 3881, 3304, 52, 3317, 3539, 1183, 349, 4116, 4430, 1139, 3008, 2615, 2053, 449, 1315, 1938, 947, 3302, 564, 2518, 1404, 3293, 106, 3433, 4727, 2029, 478, 37, 3597, 3623, 2234, 4059, 578, 3004, 3243, 4636, 999, 2708, 708, 1197, 680, 3758, 4629, 2577, 601, 4131, 4672, 3017, 423, 1435, 1913, 2334, 1762, 1187, 2376, 3114, 3021, 4567, 4333, 3361, 672, 3511, 1651, 4329, 1530, 4071, 3554, 2474, 2236, 3832, 681, 320, 1875, 1872, 4190, 3080, 1245, 3362, 1559, 402, 1349, 4315, 452, 2331, 424, 2113, 1600, 4435, 908, 1296, 3763, 175, 3448, 497, 1805, 4209, 4713, 1496, 117, 609, 138, 2513, 2966, 296, 3406, 1132, 3973, 1302, 1311, 2762, 1403, 215, 340, 4263, 4353, 3676, 2022, 2140, 4340, 2783, 2705, 3752, 2307, 208, 1391, 2713, 4621, 2229, 3470, 2967, 214, 4733, 955, 3781, 1488, 35, 471, 1201, 2833, 3661, 1939, 2908, 14, 2830, 2488, 2742, 1475, 2523, 2037, 266, 4421, 914, 3641, 1472, 4447, 3134, 3318, 2042, 1946, 1596, 2963, 604, 4789, 83, 1091, 210, 644, 3141, 2938, 2266, 1621, 4365, 719, 1951, 1331, 472, 4278, 4773, 4194, 2606, 2900, 267, 2168, 1770, 3693, 3474, 2514, 847, 1130, 3340, 2736, 4019, 769, 2971, 3012, 4604, 3123, 540, 137, 4386, 2013, 1419, 1631, 2144, 2070, 477, 1241, 1705, 1659, 1514, 1330, 325, 1697, 2927, 2216, 3528, 4607, 3480, 1912, 4313, 2061, 4344, 1560, 4810, 4308, 760, 839, 4157, 3653, 2624, 4274, 4597, 4563, 694, 1323, 2962, 249, 2214, 2811, 2972, 861, 2180, 4656, 4120, 1324, 704, 228, 748, 3699, 1848, 3596, 1773, 1760, 980, 3622, 1509, 4813, 3305, 2407, 1334, 4738, 3089, 4037, 3922, 1431, 3016, 2632, 2750, 3608, 4025, 4761, 2960, 3761, 1513, 193, 1664, 2222, 1268, 1006, 1493, 1383, 3950, 174, 3580, 3282, 3398, 4236, 165, 173, 1157, 1074, 4228, 2684, 679, 23, 4214, 3255, 3383, 3106, 2598, 3190, 3327, 2054, 1224, 2496, 4108, 1769, 4229, 903, 701, 3567, 3616, 1843, 2125, 1953, 2649, 3486, 2939, 108, 2326, 2220, 1147, 1434, 1335, 3865, 4092, 1170, 2884, 2394, 2756, 2764, 1539, 96, 4565, 1314, 3890, 2656, 4275, 3291, 368, 1136, 1545, 1716, 2840, 4379, 749, 3955, 2017, 1649, 433, 4321, 1182, 2175, 4675, 2211, 1556, 1282, 264, 1638, 3223, 2802, 2016, 1043, 3179, 302, 514, 1974, 3904, 4032, 1934, 88, 1070, 4706, 2278, 2749, 836, 113, 1858, 837, 3743, 1620, 1905, 981, 1422, 3030, 952, 983, 3010, 1276, 2312, 125, 2732, 3735, 1021, 2813, 1667, 3681, 845, 1225, 2858, 758, 2637, 2287, 4001, 4823, 3984, 4649, 3566, 2782, 420, 4588, 189, 1179, 4136, 4351, 773, 4301, 3791, 2085, 2115, 359, 369, 2295, 686, 2654, 261, 1474, 1005, 4436, 4414, 4245, 389, 1411, 1656, 1533, 3541, 1402, 2487, 2301, 4187, 1010, 489, 4544, 3634, 4008, 2556, 3707, 4331, 4048, 4081, 3172, 778, 4238, 3685, 1151, 927, 3236, 3659, 3738, 2640, 1369, 127, 1546, 1428, 289, 4318, 147, 1846, 3308, 2280, 3125, 3379, 1103, 2851, 4192, 3037, 2593, 44, 2451, 654, 3756, 3277, 2812, 4387, 1451, 1301, 1683, 4553, 3547, 3167, 2862, 202, 386, 3989, 2466, 3726, 1887, 636, 1782, 2864, 2836, 2567, 1444, 3057, 1354, 2130, 3206, 391, 3820, 411, 140, 2883, 4311, 2322, 2617, 1284, 17, 2728, 1915, 3627, 4432, 2151, 2126, 2106, 2491, 1983, 2183, 1138, 3692, 4341, 956, 1293, 3849, 3193, 4803, 4080, 3360, 4815, 4371, 1918, 1958, 924, 3152, 4255, 3812, 4172, 3064, 409, 3472, 786, 1686, 1727, 2973, 922, 1173, 1246, 3275, 959, 3878, 4219, 1792, 1809, 2443, 3006, 2815, 2784, 4402, 2597, 150, 4594, 3473, 2185, 4756, 3874, 699, 906, 31, 1051, 4067, 1176, 3901, 2747, 1272, 965, 27, 1363, 4006, 341, 2563, 1990, 577, 2399, 2393, 638, 223, 1817, 3250, 3853, 1575, 3283, 3769, 1277, 3746, 647, 1232, 1073, 3394, 788, 4350, 613, 2896, 1590, 2907, 3734, 740, 650, 2603, 3775, 1025, 4737, 1501, 2468, 19, 3040, 595, 882, 910, 2453, 2507, 384, 1249, 360, 3801, 1900, 1618, 3803, 74, 2894, 1484, 2911, 746, 1579, 4707, 3552, 3098, 1072, 3287, 2253, 2641, 3402, 3826, 4013, 3446, 3219, 4234, 2350, 3292, 399, 1355, 4146, 1861, 751, 4508, 1810, 1661, 4239, 1688, 2392, 3856, 3489, 3, 3222, 4188, 41, 1288, 3534, 2683, 2, 428, 3364, 1701, 4741, 2753, 4806, 4100, 232, 1407, 4269, 4698, 941, 2714, 2425, 3650, 830, 3103, 4667, 4007, 905, 825, 4822, 966, 3829, 2033, 1625, 1117, 2409, 546, 288, 3451, 4506, 2434, 714, 1090, 1894, 102, 4821, 4524, 1336, 3478, 3430, 2831, 2194, 658, 1641, 3598, 4395, 298, 797, 2979, 1471, 1965, 4452, 1908, 4578, 1457, 637, 3855, 3730, 3619, 4801, 2544, 4428, 4503, 1528, 1137, 833, 268, 1791, 3368, 1807, 377, 1409, 4536, 2227, 3094, 3520, 4784, 4405, 2365, 561, 1333, 4206, 4521, 742, 4690, 4516, 415, 3268, 2904, 2141, 1645, 252, 1150, 4330, 186, 2508, 3549, 1535, 1972, 1081, 1001, 700, 2169, 1066, 3706, 129, 3312, 4276, 3768, 3124, 484, 3959, 4181, 2429, 212, 656, 2241, 710, 3633, 2850, 3806, 3612, 523, 3665, 4425, 126, 2422, 1460, 3947, 1813, 3046, 2004, 4226, 1019, 1752, 2823, 404, 4101, 77, 3435, 2533, 4665, 3339, 231, 1679, 1483, 2439, 2710, 508, 932, 1942, 2581, 949, 199, 974, 2504, 436, 3142, 4224, 1347, 3675, 3151, 2117, 1123, 2385, 2553, 1668, 3273, 3320, 1932, 3557, 3956, 227, 1799, 4373, 794, 2389, 3011, 3617, 544, 218, 4334, 1985, 3916, 2687, 4626, 459, 2942, 3497, 2798, 1783, 4545, 1662, 1215, 1465, 3817, 3424, 1458, 3342, 2478, 1102, 2475, 1088, 278, 4725, 1275, 2707, 4582, 3980, 3490, 78, 4257, 4530, 3163, 4372, 3869, 2003, 2482, 1255, 3369, 3668, 2680, 2639, 4137, 216, 1205, 3187, 4170, 2734, 2235, 2120, 1318, 3147, 653, 919, 2871, 3747, 4444, 4440, 917, 3584, 2167, 3906, 3180, 2991, 1936, 3995, 4431, 1394, 3818, 4200, 439, 583, 51, 2448, 148, 94, 511, 829, 3031, 3873, 2776, 1677, 4711, 2339, 1500, 4293, 4488, 1052, 474, 4128, 2358, 707, 65, 226, 1901, 2599, 2170, 775, 1720, 1955, 3055, 284, 3082, 1994, 355, 2629, 3389, 4466, 1885, 620, 1599, 1860, 3948, 850, 3156, 241, 1104, 4473, 3514, 154, 4183, 4296, 3841, 4281, 631, 2889, 112, 4540, 4550, 2583, 1603, 2303, 1933, 4673, 4049, 1970, 2719, 453, 500, 48, 4496, 4527, 4502, 2094, 2233, 235, 1583, 505, 2793, 1167, 2497, 3303, 1084, 346, 1777, 171, 607, 4781, 589, 1096, 308, 1574, 103, 3773, 466, 1055, 1098, 881, 4272, 2954, 2412, 2792, 4518, 4570, 1447, 1155, 4282, 3276, 82, 1034, 3095, 2822, 2252, 705, 1866, 3666, 2562, 2114, 4297, 407, 4492, 4016, 4374, 4511, 1283, 1624, 4613, 21, 2483, 973, 3033, 805, 3117, 3455, 4212, 877, 73, 476, 1637, 2254, 3611, 3651, 2704, 3990, 465, 1016, 2695, 2770, 1156, 253, 809, 2988, 4426, 3073, 3943, 1681, 1144, 2265, 3436, 1524, 2771, 12, 4631, 938, 2161, 4355, 4221, 4248, 1018, 4769, 2213, 872, 1684, 4201, 10, 2495, 299, 2807, 1916, 2228, 2058, 567, 3456, 3388, 1839, 274, 860, 958, 139, 3092, 4467, 4352, 3083, 455, 3421, 3565, 2619, 3559, 3127, 3065, 3723, 2418, 2980, 2946, 4086, 353, 3477, 419, 771, 2828, 4595, 2349, 1626, 4345, 2767, 4561, 3998, 3975, 4289, 1893, 4062, 640, 4134, 4768, 1529, 3306, 3258, 256, 4419, 1003, 639, 4647, 3150, 4004, 4693, 2795, 2650, 2155, 2221, 3454, 3527, 4587, 3548, 3744, 3126, 3535, 1789, 3894, 4072, 2093, 2993, 2978, 2245, 2621, 4247, 4243, 4747, 1998, 1692, 4663, 2646, 181, 692, 3785, 4764, 2694, 625, 1212, 1629, 711, 581, 3680, 3122, 1947, 3971, 1361, 2023, 3247, 1273, 782, 468, 3465, 574, 562, 1746, 3805, 1050, 1427, 2847, 1118, 2007, 230, 2934, 4199, 808, 1377, 3965, 1294, 2878, 616, 3483, 4630, 3649, 1573, 155, 441, 3682, 4148, 569, 819, 978, 859, 363, 1345, 879, 1113, 4138, 2135, 2396, 305, 70, 1430, 1929, 1154, 894, 796, 594, 3184, 3658, 853, 156, 1569, 1595, 4142, 4679, 2316, 3967, 3350, 1062, 4020, 1820, 2072, 728, 3937, 3887, 4058, 2204, 116, 2952, 2873, 251, 1610, 348, 1061, 1576, 4082, 4522, 4205, 2355, 4038, 4302, 4323, 3827, 3582, 3503, 4088, 2402, 4719, 3316, 4560, 2075, 4572, 219, 18, 2735, 4262, 2560, 1233, 3145, 3821, 4339, 4124, 3960, 464, 260, 3711, 1549, 1392, 3023, 2165, 3755, 821, 3409, 4009, 1851, 2446, 3345, 2182, 940, 1962, 4161, 2999, 456, 4213, 1802, 3056, 3058, 365, 823, 3986, 182, 3218, 135, 2040, 2517, 657, 323, 4210, 4676, 4314, 812, 1616, 3241, 2267, 2959, 754, 272, 4517, 221, 2787, 997, 1756, 2552, 3513, 1869, 75, 1753, 2622, 2985, 2391, 2631, 1226, 3201, 3022, 2825, 3604, 336, 2351, 4534, 3635, 2359, 4796, 4456, 1589, 2666, 2968, 3081, 1669, 2059, 1200, 3762, 2099, 1481, 287, 3896, 3770, 677, 1784, 662, 892, 3603, 2951, 4232, 1165, 664, 3355, 4812, 1945, 2370, 2700, 4542, 2292, 4683, 2108, 3310, 2886, 3296, 1967, 1536, 2357, 204, 3982, 964, 438, 811, 2519, 4, 4651, 2150, 3568, 1342, 11, 481, 4556, 1759, 3907, 634, 1206, 4509, 4422, 1203, 553, 400, 2716, 2726, 4699, 1223, 727, 4752, 396, 2243, 1114, 50, 3533, 1648, 3625, 55, 3186, 1928, 2154, 4198, 4576, 2255, 1376, 1420, 3074, 2179, 4800, 2077, 2055, 2223, 2264, 2814, 1388, 4721, 854, 4585, 3109, 3242, 3338, 2190, 4474, 3631, 196, 2613, 56, 315, 3991, 3717, 161, 4445, 2703, 985, 548, 992, 3331, 2857, 1478, 1390, 4742, 3412, 1322, 1940, 1707, 1085, 1719, 67, 2372, 2239, 557, 2903, 4515, 3005, 3463, 1555, 1467, 3244, 3038, 4743, 4577, 1881, 1988, 2940, 1192, 3544, 1064, 3976, 3231, 3164, 4070, 2008, 1040, 3482, 4655, 2799, 4290, 2853, 1220, 2953, 3629, 1553, 5, 1119, 3429, 3573, 3059, 4493, 361, 4235, 2090, 201, 777, 930, 1499, 1049, 896, 4284, 852, 867, 4129, 99, 663, 4401, 383, 4270, 4765, 4642, 2539, 1080, 844, 4233, 3898, 1442, 4507, 3053, 4085, 2133, 3042, 90, 1412, 4640, 518, 689, 3050, 4218, 1362, 752, 4441, 4416, 1952, 4384, 3551, 1979, 1617, 3344, 1523, 774, 4470, 1864, 4512, 946, 3572, 1372, 2720, 2791, 2110, 382, 393, 2996, 2006, 1980, 2781, 3226, 2748, 198, 4053, 4797, 3654, 4682, 2693, 1320, 3207, 2195, 745, 2808, 2891, 4657, 3712, 2205, 1750, 1923, 2672, 4427, 3945, 4258, 3792, 3571, 2104, 1537, 3387, 739, 3041, 2860, 4735, 4529, 3972, 643, 799, 3721, 4458, 2086, 2604, 3381, 4097, 580, 1068, 780, 4724, 4668, 398, 1741, 755, 1775, 3776, 4564, 4158, 3780, 3626, 3577, 4541, 822, 4802, 6, 1252, 2763, 486, 3363, 2083, 247, 1888, 1510, 3784, 3093, 1079, 3652, 3410, 2423, 2837, 886, 2030, 798, 840, 1180, 1742, 4755, 2692, 375, 3859, 4555, 1491, 1745, 1242, 2534, 1830, 3642, 2174, 4601, 4603, 3884, 3213, 2578, 3144, 4762, 1406, 1339, 3811, 3509, 2124, 4122, 4216, 1713, 3555, 4041, 2633, 2304, 3197, 1903, 2249, 2506, 1879, 4367, 2136, 1607, 1504, 1426, 1757, 4589, 4678, 614, 71, 1063, 2834, 3199, 1308, 3025, 3135, 200, 2411, 4312, 2274, 2818, 9, 87, 991, 3227, 3847, 2173, 4478, 3348, 1714, 2347, 2698, 2067, 3838, 3543, 3400, 878, 3882, 4720, 2207, 2341, 3814, 59, 3909, 4697, 1185, 2845, 1360, 1989, 3703, 832, 3376, 4687, 3237, 945, 4644, 4523, 1749, 4494, 4153, 2111, 97, 317, 373, 1295, 371, 1099, 311, 3860, 3240, 4389, 2129, 1357, 1177, 4139, 2887, 1172, 4143, 1229, 698, 3105, 4107, 4063, 1030, 3590, 2667, 3928, 3230, 2176, 646, 3919, 136, 3099, 1910, 2647, 1131, 1821, 4669, 314, 2268, 683, 732, 3731, 2189, 3443, 2467, 3110, 3757, 3911, 2842, 4453, 4040, 4166, 4454, 1852, 46, 1728, 1798, 2727, 2905, 2310, 2060, 15, 2741, 1014, 537, 110, 3279, 4305, 2445, 327, 3162, 457, 4573, 392, 1926, 1718, 3939, 2545, 1633, 1110, 3764, 195, 54, 763, 1563, 526, 2591, 2277, 4119, 3346, 3613, 4125, 3799, 123, 1186, 2679, 4295, 1868, 3196, 3013, 1487, 429, 4102, 4593, 1558, 3138, 1710, 2777, 58, 2977, 1495, 522, 4638, 1057, 1120, 2865, 3309, 1833, 1925, 499, 1092, 1853, 4759, 2470, 1584, 3333, 2206, 2209, 120, 167, 3999, 3281, 3267, 951, 2924, 2655, 2324, 2340, 715, 2611, 1397, 176, 333, 887, 310, 3416, 936, 168, 3101, 4705, 3048, 4028, 986, 4700, 1221, 1786, 3954, 3833, 1997, 72, 2892, 1818, 1126, 4177, 2744, 4322, 166, 626, 4165, 3382, 2592, 4114, 2788, 674, 2503, 649, 1644, 2263, 552, 92, 4816, 666, 2380, 4449, 2336, 1780, 862, 1199, 865, 1266, 2546, 3632, 3311, 2314, 556, 1287, 4751, 133, 928, 2888, 593, 2547, 2527, 4650, 3698, 806, 4366, 1708, 1882, 1148, 3992, 1384, 1194, 192, 1356, 2298, 4471, 4068, 2191, 767, 2047, 4047, 2879, 3930, 4495, 2663, 2296, 4175, 1161, 3942, 3538, 144, 4118, 1657, 2050, 619, 330, 3413, 3579, 4413, 734, 1678, 542, 290, 2080, 3639, 2948, 2555, 80, 2675, 304, 3993, 1440, 2472, 3431, 4483, 405, 1142, 442, 2269, 753, 1859, 3159, 4179, 2521, 4533, 2103, 4196, 2346, 2607, 2538, 413, 372, 4634, 1703, 791, 2956, 1695, 3457, 4241, 2461, 933, 3289, 332, 1768, 2785, 1735, 730, 1069, 1724, 427, 3325, 4779, 1254, 66, 2424, 1582, 813, 3595, 3066, 64, 1611, 490, 2367, 2566, 628, 1097, 2457, 1870, 2417, 1924, 3702, 1748, 2554, 2137, 3214, 880, 3718, 4481, 726, 1914, 968, 2863, 988, 1033, 3921, 244, 3086, 3981, 818, 1017, 2969, 3848, 4127, 3357, 4639, 1909, 815, 1690, 610, 3872, 874, 4285, 712, 3068, 3915, 1982, 3397, 3842, 3417, 3408, 3115, 3204, 2384, 2116, 3375, 735, 1299, 1026, 510, 3371, 2379, 2912, 351, 3828, 3034, 1516, 1209, 4794, 2112, 1883, 2188, 1234, 851, 4767, 357, 4757, 379, 2933, 2048, 307, 3875, 2568, 2098, 4027, 2919, 2441, 4152, 3748, 632, 280, 1217, 4338, 665, 4450, 3450, 2669, 2248, 2275, 2925, 1011, 1269, 2573, 180, 2718, 1337, 1747, 1738, 4652, 309, 3987, 4592, 953, 3522, 2156, 4658, 506, 897, 3274, 4614, 3602, 3401, 4000, 4628, 918, 3212, 3936, 7, 2797, 2092, 4750, 1778, 1572, 2509, 1961, 2870, 2790, 801, 28, 1218, 3202, 151, 1262, 4795, 2696, 1889, 615, 2181, 2273, 291, 4708, 783, 16, 2286, 339, 2917, 4400, 2406, 3592, 3380, 3700, 142, 2318, 2431, 4087, 3496, 1454, 2765, 3205, 4486, 3737, 3714, 2923, 2806, 2535, 3493, 713, 3139, 4809, 1024, 868, 3384, 1482, 623, 366, 559, 3508, 2944, 326, 2759, 2353, 1623, 1814, 1766, 408, 4776, 571, 2149, 1519, 1652, 1109, 4749, 2259, 3908, 1261, 3209, 2281, 2218, 761, 2584, 1413, 3469, 1640, 3235, 2476, 4632, 4712, 2610, 545, 3467, 435, 3518, 1414, 1502, 1327, 3171, 1012, 2628, 596, 24, 1676, 3740, 1163, 3251, 128, 744, 4718, 1515, 338, 2645, 2895, 671, 3414, 1497, 517, 3060, 4359, 1646, 4254, 1593, 2660, 2524, 4814, 57, 943, 770, 1995, 3951, 1290, 4026, 4171, 4106, 1785, 720, 4052, 3445, 3510, 2361, 3953, 2657, 1835, 3979, 2018, 1365, 528, 4480, 1056, 3686, 3786, 1544, 2025, 4309, 1793, 4075, 3892, 4619, 530, 101, 2869, 3810, 1612, 3453, 2071, 447, 2501, 975, 2494, 13, 3019, 246, 2983, 2338, 3673, 678, 45, 1632, 4242, 1832, 3468, 538, 4491, 4392, 4145, 3116, 4103, 4661, 236, 2587, 520, 4246, 3736, 1734, 3153, 4546, 4775, 1002, 4783, 4692, 2305, 4381, 4485, 1565, 3323, 3215, 3822, 3861, 4056, 2987, 3966, 1398, 89, 2500, 2290, 2345, 2325, 1190, 2528, 541, 4393, 550, 3174, 1674, 1772, 134, 2337, 1605, 4260, 3532, 3574, 3330, 826, 2246, 3233, 2989, 3697, 480, 2257, 1856, 450, 3749, 1039, 893, 425, 1111, 22, 1031, 93, 2462, 220, 2455, 687, 1348, 3437, 418, 4377, 4443, 3710, 2743, 1897, 3783, 1009, 81, 3294, 1824, 3750, 1943, 2596, 2230, 2754, 1089, 846, 4388, 962, 4686, 2590, 1704, 3588, 1240, 153, 39, 4292, 3610, 2549, 1193, 890, 3372, 3286, 3779, 1732, 3075, 688, 3491, 1258, 4731, 3646, 1463, 47, 187, 4035, 2932, 2401, 493, 3694, 2333, 3583, 3789, 4602, 993, 4596, 529, 1247, 2588, 4438, 1455, 889, 2984, 1660, 673, 4156, 1543, 2994, 2965, 2157, 3183, 3300, 3271, 4326, 2122, 994, 3529, 2605, 2437, 3809, 3844, 1227, 3461, 725, 3793, 4464, 1508, 183, 4623, 4714, 4635, 3352, 2440, 1160, 1891, 3499, 2722, 2100, 4045, 1829, 4014, 211, 2320, 2400, 3088, 3517, 4404, 967, 925, 2935, 1399, 2902, 2319, 344, 2690, 4132, 2697, 4064, 1957, 1439, 1614, 3644, 1841, 4317, 107, 3888, 4193, 2635, 2602, 4701, 1129, 570, 2915, 1450, 2427, 2541, 4174, 2625, 2362, 4748, 3767, 3395, 2282, 2877, 2034, 262, 2313, 516, 2291, 2898, 2414, 1274, 3002, 4095, 159, 2805, 3131, 2251, 3270, 2405, 3502, 1319, 1326, 1587, 378, 1665, 2045, 2852, 2913, 319, 3819, 2950, 4566, 3688, 282, 4608, 1685, 2780, 1973, 242, 1032, 1812, 1490, 622, 4501, 4620, 3464, 3774, 4627, 4460, 1065, 4728, 2459, 3587, 3178, 2661, 30, 2065, 793, 4500, 4168, 2087, 1382, 4782, 2570, 2866, 4251, 2031, 2536, 297, 1551, 1541, 3262, 38, 2827, 4535, 4774, 4358, 206, 2677, 4622, 1845, 633, 4569, 1381, 3029, 4031, 4715, 575, 1289, 2081, 603, 1445, 3607, 4061, 2381, 4227, 4609, 2800, 2627, 1602, 3351, 257, 34, 3931, 1316, 503, 1578, 4147, 1387, 2128, 4307, 1168, 3367, 2419, 2145, 3332, 2569, 1346, 3264, 1976, 1477, 2648, 4222, 3691, 3974, 2091, 4574, 4382, 3000, 2371, 2387, 961, 1027, 2164, 900, 2162, 1740, 2688, 4610, 4287, 3120, 2435, 4368, 1816, 4410, 4696, 3526, 4357, 1737, 3722, 1635, 2097, 535, 4294, 2134, 1038, 2413, 238, 394, 3886, 3257, 1699, 381, 2543, 3263, 2582, 1325, 2201, 160, 2559, 4327, 724, 1364, 551, 723, 1643, 2066, 1466, 1449, 1837, 2769, 2918, 32, 162, 4584, 764, 987, 2676, 608, 1801, 4415, 2733, 2856, 2142, 2289, 3962, 899, 3940, 3601, 4397, 3252, 866, 2957, 1469, 592, 1309, 1371, 239, 2386, 1250, 3897, 3854, 921, 3208, 3020, 1754, 1235, 2079, 1436, 4580, 4073, 1764, 838, 172, 524, 3036, 902, 4044, 3729, 3834, 2377, 1562, 998, 2616, 2109, 3724, 3523, 2038, 3835, 4411, 3870, 4732, 4406, 2012, 3923, 3797, 1522, 3158, 3166, 469, 1162, 4633, 785, 1213, 3933, 1904, 935, 1531, 143, 4645, 3850, 1949, 2196, 1877, 1840, 1244, 1711, 1076, 4164, 3679, 1896, 3925, 4791, 895, 2945, 4378, 3261, 3189, 3879, 4057, 2721, 3441, 1586, 1876, 3500, 1550, 4021, 648, 1854, 3290, 2107, 2881, 2043, 1108, 1238, 789, 1693, 432, 1124, 982, 3705, 1986, 4537, 237, 3391, 3378, 4184, 3425, 1987, 2489, 4149, 4015, 2123, 2712, 2843, 2531, 4548, 2019, 3667, 2668, 3133, 3191, 817, 3618, 3891, 2516, 1211, 931, 2010, 502, 4489, 1828, 566, 2148, 1698, 4461, 2481, 3961, 3256, 318, 4076, 3354, 3905, 3102, 492, 2421, 3794, 3315, 3087, 659, 1146, 3862, 4552, 3969, 4558, 3118, 1239, 1418, 1267, 560, 4740, 2921, 8, 4685, 33, 3505, 2662, 1343, 1571, 387, 3918, 3336, 693, 1133, 1046, 3177]&gt;
" type="java.lang.AssertionError">
      <![CDATA[java.lang.AssertionError: 1 expectation failed.
JSON path bookingid doesn't match.
Expected: <1087>
  Actual: <[3426, 4818, 1087, 1996, 124, 2930, 4078, 2576, 3248, 119, 4135, 733, 4361, 1105, 3165, 4403, 331, 1722, 2202, 3836, 2160, 3728, 2484, 3358, 1836, 3524, 2819, 276, 3494, 40, 587, 414, 588, 25, 1673, 217, 602, 2760, 3715, 1461, 1378, 2240, 3542, 2184, 2039, 1259, 598, 4790, 3299, 4475, 736, 109, 4303, 292, 494, 3866, 2001, 1920, 1044, 3578, 1310, 2691, 3798, 2642, 1300, 3674, 810, 114, 3225, 1306, 470, 3419, 4182, 100, 2011, 2452, 4096, 2219, 4465, 3802, 579, 3485, 3192, 2755, 1804, 2773, 3324, 3804, 68, 1078, 1037, 4320, 2363, 4362, 668, 1598, 2272, 2522, 3112, 354, 3638, 977, 488, 4746, 1968, 483, 875, 1797, 2868, 4726, 1655, 4268, 3028, 2200, 3560, 3130, 1521, 3228, 2330, 1731, 2064, 3645, 1730, 4616, 2673, 4208, 3914, 2198, 3660, 3107, 800, 1125, 132, 1159, 60, 971, 4479, 907, 1671, 2529, 4034, 2729, 2839, 871, 1725, 2369, 3687, 911, 3934, 2306, 3591, 4261, 3553, 4109, 534, 4766, 586, 1433, 4332, 3072, 2998, 2285, 4457, 4528, 1423, 1921, 2449, 1370, 3329, 4396, 254, 4691, 4780, 1867, 1507, 2682, 2373, 3404, 3067, 4089, 4022, 4476, 1564, 4005, 2074, 4615, 3157, 444, 2458, 1964, 3669, 4039, 1446, 1408, 1188, 4666, 765, 2821, 1058, 4055, 3926, 3047, 2002, 1898, 324, 145, 3442, 2052, 1257, 190, 2512, 79, 4807, 2299, 4155, 1305, 461, 2027, 1375, 26, 105, 1207, 4664, 1956, 2024, 417, 1045, 1415, 445, 2929, 303, 2575, 495, 2612, 3216, 627, 721, 2775, 4265, 3506, 343, 4112, 695, 3481, 3044, 1479, 532, 2354, 29, 1503, 509, 3143, 4178, 1281, 86, 1588, 20, 4252, 3561, 95, 3423, 2473, 1795, 1351, 4113, 3902, 1568, 273, 4579, 458, 3815, 1396, 4159, 1174, 913, 3720, 270, 2088, 4347, 4346, 3664, 1825, 3393, 856, 4660, 4279, 3071, 279, 3051, 1847, 118, 2442, 565, 1765, 3076, 285, 3458, 3563, 62, 3843, 3173, 4398, 2261, 2874, 3868, 3438, 835, 4420, 2460, 4677, 2127, 43, 1260, 3893, 1520, 1826, 4093, 1604, 2433, 1143, 2737, 2328, 4788, 3640, 2848, 3881, 3304, 52, 3317, 3539, 1183, 349, 4116, 4430, 1139, 3008, 2615, 2053, 449, 1315, 1938, 947, 3302, 564, 2518, 1404, 3293, 106, 3433, 4727, 2029, 478, 37, 3597, 3623, 2234, 4059, 578, 3004, 3243, 4636, 999, 2708, 708, 1197, 680, 3758, 4629, 2577, 601, 4131, 4672, 3017, 423, 1435, 1913, 2334, 1762, 1187, 2376, 3114, 3021, 4567, 4333, 3361, 672, 3511, 1651, 4329, 1530, 4071, 3554, 2474, 2236, 3832, 681, 320, 1875, 1872, 4190, 3080, 1245, 3362, 1559, 402, 1349, 4315, 452, 2331, 424, 2113, 1600, 4435, 908, 1296, 3763, 175, 3448, 497, 1805, 4209, 4713, 1496, 117, 609, 138, 2513, 2966, 296, 3406, 1132, 3973, 1302, 1311, 2762, 1403, 215, 340, 4263, 4353, 3676, 2022, 2140, 4340, 2783, 2705, 3752, 2307, 208, 1391, 2713, 4621, 2229, 3470, 2967, 214, 4733, 955, 3781, 1488, 35, 471, 1201, 2833, 3661, 1939, 2908, 14, 2830, 2488, 2742, 1475, 2523, 2037, 266, 4421, 914, 3641, 1472, 4447, 3134, 3318, 2042, 1946, 1596, 2963, 604, 4789, 83, 1091, 210, 644, 3141, 2938, 2266, 1621, 4365, 719, 1951, 1331, 472, 4278, 4773, 4194, 2606, 2900, 267, 2168, 1770, 3693, 3474, 2514, 847, 1130, 3340, 2736, 4019, 769, 2971, 3012, 4604, 3123, 540, 137, 4386, 2013, 1419, 1631, 2144, 2070, 477, 1241, 1705, 1659, 1514, 1330, 325, 1697, 2927, 2216, 3528, 4607, 3480, 1912, 4313, 2061, 4344, 1560, 4810, 4308, 760, 839, 4157, 3653, 2624, 4274, 4597, 4563, 694, 1323, 2962, 249, 2214, 2811, 2972, 861, 2180, 4656, 4120, 1324, 704, 228, 748, 3699, 1848, 3596, 1773, 1760, 980, 3622, 1509, 4813, 3305, 2407, 1334, 4738, 3089, 4037, 3922, 1431, 3016, 2632, 2750, 3608, 4025, 4761, 2960, 3761, 1513, 193, 1664, 2222, 1268, 1006, 1493, 1383, 3950, 174, 3580, 3282, 3398, 4236, 165, 173, 1157, 1074, 4228, 2684, 679, 23, 4214, 3255, 3383, 3106, 2598, 3190, 3327, 2054, 1224, 2496, 4108, 1769, 4229, 903, 701, 3567, 3616, 1843, 2125, 1953, 2649, 3486, 2939, 108, 2326, 2220, 1147, 1434, 1335, 3865, 4092, 1170, 2884, 2394, 2756, 2764, 1539, 96, 4565, 1314, 3890, 2656, 4275, 3291, 368, 1136, 1545, 1716, 2840, 4379, 749, 3955, 2017, 1649, 433, 4321, 1182, 2175, 4675, 2211, 1556, 1282, 264, 1638, 3223, 2802, 2016, 1043, 3179, 302, 514, 1974, 3904, 4032, 1934, 88, 1070, 4706, 2278, 2749, 836, 113, 1858, 837, 3743, 1620, 1905, 981, 1422, 3030, 952, 983, 3010, 1276, 2312, 125, 2732, 3735, 1021, 2813, 1667, 3681, 845, 1225, 2858, 758, 2637, 2287, 4001, 4823, 3984, 4649, 3566, 2782, 420, 4588, 189, 1179, 4136, 4351, 773, 4301, 3791, 2085, 2115, 359, 369, 2295, 686, 2654, 261, 1474, 1005, 4436, 4414, 4245, 389, 1411, 1656, 1533, 3541, 1402, 2487, 2301, 4187, 1010, 489, 4544, 3634, 4008, 2556, 3707, 4331, 4048, 4081, 3172, 778, 4238, 3685, 1151, 927, 3236, 3659, 3738, 2640, 1369, 127, 1546, 1428, 289, 4318, 147, 1846, 3308, 2280, 3125, 3379, 1103, 2851, 4192, 3037, 2593, 44, 2451, 654, 3756, 3277, 2812, 4387, 1451, 1301, 1683, 4553, 3547, 3167, 2862, 202, 386, 3989, 2466, 3726, 1887, 636, 1782, 2864, 2836, 2567, 1444, 3057, 1354, 2130, 3206, 391, 3820, 411, 140, 2883, 4311, 2322, 2617, 1284, 17, 2728, 1915, 3627, 4432, 2151, 2126, 2106, 2491, 1983, 2183, 1138, 3692, 4341, 956, 1293, 3849, 3193, 4803, 4080, 3360, 4815, 4371, 1918, 1958, 924, 3152, 4255, 3812, 4172, 3064, 409, 3472, 786, 1686, 1727, 2973, 922, 1173, 1246, 3275, 959, 3878, 4219, 1792, 1809, 2443, 3006, 2815, 2784, 4402, 2597, 150, 4594, 3473, 2185, 4756, 3874, 699, 906, 31, 1051, 4067, 1176, 3901, 2747, 1272, 965, 27, 1363, 4006, 341, 2563, 1990, 577, 2399, 2393, 638, 223, 1817, 3250, 3853, 1575, 3283, 3769, 1277, 3746, 647, 1232, 1073, 3394, 788, 4350, 613, 2896, 1590, 2907, 3734, 740, 650, 2603, 3775, 1025, 4737, 1501, 2468, 19, 3040, 595, 882, 910, 2453, 2507, 384, 1249, 360, 3801, 1900, 1618, 3803, 74, 2894, 1484, 2911, 746, 1579, 4707, 3552, 3098, 1072, 3287, 2253, 2641, 3402, 3826, 4013, 3446, 3219, 4234, 2350, 3292, 399, 1355, 4146, 1861, 751, 4508, 1810, 1661, 4239, 1688, 2392, 3856, 3489, 3, 3222, 4188, 41, 1288, 3534, 2683, 2, 428, 3364, 1701, 4741, 2753, 4806, 4100, 232, 1407, 4269, 4698, 941, 2714, 2425, 3650, 830, 3103, 4667, 4007, 905, 825, 4822, 966, 3829, 2033, 1625, 1117, 2409, 546, 288, 3451, 4506, 2434, 714, 1090, 1894, 102, 4821, 4524, 1336, 3478, 3430, 2831, 2194, 658, 1641, 3598, 4395, 298, 797, 2979, 1471, 1965, 4452, 1908, 4578, 1457, 637, 3855, 3730, 3619, 4801, 2544, 4428, 4503, 1528, 1137, 833, 268, 1791, 3368, 1807, 377, 1409, 4536, 2227, 3094, 3520, 4784, 4405, 2365, 561, 1333, 4206, 4521, 742, 4690, 4516, 415, 3268, 2904, 2141, 1645, 252, 1150, 4330, 186, 2508, 3549, 1535, 1972, 1081, 1001, 700, 2169, 1066, 3706, 129, 3312, 4276, 3768, 3124, 484, 3959, 4181, 2429, 212, 656, 2241, 710, 3633, 2850, 3806, 3612, 523, 3665, 4425, 126, 2422, 1460, 3947, 1813, 3046, 2004, 4226, 1019, 1752, 2823, 404, 4101, 77, 3435, 2533, 4665, 3339, 231, 1679, 1483, 2439, 2710, 508, 932, 1942, 2581, 949, 199, 974, 2504, 436, 3142, 4224, 1347, 3675, 3151, 2117, 1123, 2385, 2553, 1668, 3273, 3320, 1932, 3557, 3956, 227, 1799, 4373, 794, 2389, 3011, 3617, 544, 218, 4334, 1985, 3916, 2687, 4626, 459, 2942, 3497, 2798, 1783, 4545, 1662, 1215, 1465, 3817, 3424, 1458, 3342, 2478, 1102, 2475, 1088, 278, 4725, 1275, 2707, 4582, 3980, 3490, 78, 4257, 4530, 3163, 4372, 3869, 2003, 2482, 1255, 3369, 3668, 2680, 2639, 4137, 216, 1205, 3187, 4170, 2734, 2235, 2120, 1318, 3147, 653, 919, 2871, 3747, 4444, 4440, 917, 3584, 2167, 3906, 3180, 2991, 1936, 3995, 4431, 1394, 3818, 4200, 439, 583, 51, 2448, 148, 94, 511, 829, 3031, 3873, 2776, 1677, 4711, 2339, 1500, 4293, 4488, 1052, 474, 4128, 2358, 707, 65, 226, 1901, 2599, 2170, 775, 1720, 1955, 3055, 284, 3082, 1994, 355, 2629, 3389, 4466, 1885, 620, 1599, 1860, 3948, 850, 3156, 241, 1104, 4473, 3514, 154, 4183, 4296, 3841, 4281, 631, 2889, 112, 4540, 4550, 2583, 1603, 2303, 1933, 4673, 4049, 1970, 2719, 453, 500, 48, 4496, 4527, 4502, 2094, 2233, 235, 1583, 505, 2793, 1167, 2497, 3303, 1084, 346, 1777, 171, 607, 4781, 589, 1096, 308, 1574, 103, 3773, 466, 1055, 1098, 881, 4272, 2954, 2412, 2792, 4518, 4570, 1447, 1155, 4282, 3276, 82, 1034, 3095, 2822, 2252, 705, 1866, 3666, 2562, 2114, 4297, 407, 4492, 4016, 4374, 4511, 1283, 1624, 4613, 21, 2483, 973, 3033, 805, 3117, 3455, 4212, 877, 73, 476, 1637, 2254, 3611, 3651, 2704, 3990, 465, 1016, 2695, 2770, 1156, 253, 809, 2988, 4426, 3073, 3943, 1681, 1144, 2265, 3436, 1524, 2771, 12, 4631, 938, 2161, 4355, 4221, 4248, 1018, 4769, 2213, 872, 1684, 4201, 10, 2495, 299, 2807, 1916, 2228, 2058, 567, 3456, 3388, 1839, 274, 860, 958, 139, 3092, 4467, 4352, 3083, 455, 3421, 3565, 2619, 3559, 3127, 3065, 3723, 2418, 2980, 2946, 4086, 353, 3477, 419, 771, 2828, 4595, 2349, 1626, 4345, 2767, 4561, 3998, 3975, 4289, 1893, 4062, 640, 4134, 4768, 1529, 3306, 3258, 256, 4419, 1003, 639, 4647, 3150, 4004, 4693, 2795, 2650, 2155, 2221, 3454, 3527, 4587, 3548, 3744, 3126, 3535, 1789, 3894, 4072, 2093, 2993, 2978, 2245, 2621, 4247, 4243, 4747, 1998, 1692, 4663, 2646, 181, 692, 3785, 4764, 2694, 625, 1212, 1629, 711, 581, 3680, 3122, 1947, 3971, 1361, 2023, 3247, 1273, 782, 468, 3465, 574, 562, 1746, 3805, 1050, 1427, 2847, 1118, 2007, 230, 2934, 4199, 808, 1377, 3965, 1294, 2878, 616, 3483, 4630, 3649, 1573, 155, 441, 3682, 4148, 569, 819, 978, 859, 363, 1345, 879, 1113, 4138, 2135, 2396, 305, 70, 1430, 1929, 1154, 894, 796, 594, 3184, 3658, 853, 156, 1569, 1595, 4142, 4679, 2316, 3967, 3350, 1062, 4020, 1820, 2072, 728, 3937, 3887, 4058, 2204, 116, 2952, 2873, 251, 1610, 348, 1061, 1576, 4082, 4522, 4205, 2355, 4038, 4302, 4323, 3827, 3582, 3503, 4088, 2402, 4719, 3316, 4560, 2075, 4572, 219, 18, 2735, 4262, 2560, 1233, 3145, 3821, 4339, 4124, 3960, 464, 260, 3711, 1549, 1392, 3023, 2165, 3755, 821, 3409, 4009, 1851, 2446, 3345, 2182, 940, 1962, 4161, 2999, 456, 4213, 1802, 3056, 3058, 365, 823, 3986, 182, 3218, 135, 2040, 2517, 657, 323, 4210, 4676, 4314, 812, 1616, 3241, 2267, 2959, 754, 272, 4517, 221, 2787, 997, 1756, 2552, 3513, 1869, 75, 1753, 2622, 2985, 2391, 2631, 1226, 3201, 3022, 2825, 3604, 336, 2351, 4534, 3635, 2359, 4796, 4456, 1589, 2666, 2968, 3081, 1669, 2059, 1200, 3762, 2099, 1481, 287, 3896, 3770, 677, 1784, 662, 892, 3603, 2951, 4232, 1165, 664, 3355, 4812, 1945, 2370, 2700, 4542, 2292, 4683, 2108, 3310, 2886, 3296, 1967, 1536, 2357, 204, 3982, 964, 438, 811, 2519, 4, 4651, 2150, 3568, 1342, 11, 481, 4556, 1759, 3907, 634, 1206, 4509, 4422, 1203, 553, 400, 2716, 2726, 4699, 1223, 727, 4752, 396, 2243, 1114, 50, 3533, 1648, 3625, 55, 3186, 1928, 2154, 4198, 4576, 2255, 1376, 1420, 3074, 2179, 4800, 2077, 2055, 2223, 2264, 2814, 1388, 4721, 854, 4585, 3109, 3242, 3338, 2190, 4474, 3631, 196, 2613, 56, 315, 3991, 3717, 161, 4445, 2703, 985, 548, 992, 3331, 2857, 1478, 1390, 4742, 3412, 1322, 1940, 1707, 1085, 1719, 67, 2372, 2239, 557, 2903, 4515, 3005, 3463, 1555, 1467, 3244, 3038, 4743, 4577, 1881, 1988, 2940, 1192, 3544, 1064, 3976, 3231, 3164, 4070, 2008, 1040, 3482, 4655, 2799, 4290, 2853, 1220, 2953, 3629, 1553, 5, 1119, 3429, 3573, 3059, 4493, 361, 4235, 2090, 201, 777, 930, 1499, 1049, 896, 4284, 852, 867, 4129, 99, 663, 4401, 383, 4270, 4765, 4642, 2539, 1080, 844, 4233, 3898, 1442, 4507, 3053, 4085, 2133, 3042, 90, 1412, 4640, 518, 689, 3050, 4218, 1362, 752, 4441, 4416, 1952, 4384, 3551, 1979, 1617, 3344, 1523, 774, 4470, 1864, 4512, 946, 3572, 1372, 2720, 2791, 2110, 382, 393, 2996, 2006, 1980, 2781, 3226, 2748, 198, 4053, 4797, 3654, 4682, 2693, 1320, 3207, 2195, 745, 2808, 2891, 4657, 3712, 2205, 1750, 1923, 2672, 4427, 3945, 4258, 3792, 3571, 2104, 1537, 3387, 739, 3041, 2860, 4735, 4529, 3972, 643, 799, 3721, 4458, 2086, 2604, 3381, 4097, 580, 1068, 780, 4724, 4668, 398, 1741, 755, 1775, 3776, 4564, 4158, 3780, 3626, 3577, 4541, 822, 4802, 6, 1252, 2763, 486, 3363, 2083, 247, 1888, 1510, 3784, 3093, 1079, 3652, 3410, 2423, 2837, 886, 2030, 798, 840, 1180, 1742, 4755, 2692, 375, 3859, 4555, 1491, 1745, 1242, 2534, 1830, 3642, 2174, 4601, 4603, 3884, 3213, 2578, 3144, 4762, 1406, 1339, 3811, 3509, 2124, 4122, 4216, 1713, 3555, 4041, 2633, 2304, 3197, 1903, 2249, 2506, 1879, 4367, 2136, 1607, 1504, 1426, 1757, 4589, 4678, 614, 71, 1063, 2834, 3199, 1308, 3025, 3135, 200, 2411, 4312, 2274, 2818, 9, 87, 991, 3227, 3847, 2173, 4478, 3348, 1714, 2347, 2698, 2067, 3838, 3543, 3400, 878, 3882, 4720, 2207, 2341, 3814, 59, 3909, 4697, 1185, 2845, 1360, 1989, 3703, 832, 3376, 4687, 3237, 945, 4644, 4523, 1749, 4494, 4153, 2111, 97, 317, 373, 1295, 371, 1099, 311, 3860, 3240, 4389, 2129, 1357, 1177, 4139, 2887, 1172, 4143, 1229, 698, 3105, 4107, 4063, 1030, 3590, 2667, 3928, 3230, 2176, 646, 3919, 136, 3099, 1910, 2647, 1131, 1821, 4669, 314, 2268, 683, 732, 3731, 2189, 3443, 2467, 3110, 3757, 3911, 2842, 4453, 4040, 4166, 4454, 1852, 46, 1728, 1798, 2727, 2905, 2310, 2060, 15, 2741, 1014, 537, 110, 3279, 4305, 2445, 327, 3162, 457, 4573, 392, 1926, 1718, 3939, 2545, 1633, 1110, 3764, 195, 54, 763, 1563, 526, 2591, 2277, 4119, 3346, 3613, 4125, 3799, 123, 1186, 2679, 4295, 1868, 3196, 3013, 1487, 429, 4102, 4593, 1558, 3138, 1710, 2777, 58, 2977, 1495, 522, 4638, 1057, 1120, 2865, 3309, 1833, 1925, 499, 1092, 1853, 4759, 2470, 1584, 3333, 2206, 2209, 120, 167, 3999, 3281, 3267, 951, 2924, 2655, 2324, 2340, 715, 2611, 1397, 176, 333, 887, 310, 3416, 936, 168, 3101, 4705, 3048, 4028, 986, 4700, 1221, 1786, 3954, 3833, 1997, 72, 2892, 1818, 1126, 4177, 2744, 4322, 166, 626, 4165, 3382, 2592, 4114, 2788, 674, 2503, 649, 1644, 2263, 552, 92, 4816, 666, 2380, 4449, 2336, 1780, 862, 1199, 865, 1266, 2546, 3632, 3311, 2314, 556, 1287, 4751, 133, 928, 2888, 593, 2547, 2527, 4650, 3698, 806, 4366, 1708, 1882, 1148, 3992, 1384, 1194, 192, 1356, 2298, 4471, 4068, 2191, 767, 2047, 4047, 2879, 3930, 4495, 2663, 2296, 4175, 1161, 3942, 3538, 144, 4118, 1657, 2050, 619, 330, 3413, 3579, 4413, 734, 1678, 542, 290, 2080, 3639, 2948, 2555, 80, 2675, 304, 3993, 1440, 2472, 3431, 4483, 405, 1142, 442, 2269, 753, 1859, 3159, 4179, 2521, 4533, 2103, 4196, 2346, 2607, 2538, 413, 372, 4634, 1703, 791, 2956, 1695, 3457, 4241, 2461, 933, 3289, 332, 1768, 2785, 1735, 730, 1069, 1724, 427, 3325, 4779, 1254, 66, 2424, 1582, 813, 3595, 3066, 64, 1611, 490, 2367, 2566, 628, 1097, 2457, 1870, 2417, 1924, 3702, 1748, 2554, 2137, 3214, 880, 3718, 4481, 726, 1914, 968, 2863, 988, 1033, 3921, 244, 3086, 3981, 818, 1017, 2969, 3848, 4127, 3357, 4639, 1909, 815, 1690, 610, 3872, 874, 4285, 712, 3068, 3915, 1982, 3397, 3842, 3417, 3408, 3115, 3204, 2384, 2116, 3375, 735, 1299, 1026, 510, 3371, 2379, 2912, 351, 3828, 3034, 1516, 1209, 4794, 2112, 1883, 2188, 1234, 851, 4767, 357, 4757, 379, 2933, 2048, 307, 3875, 2568, 2098, 4027, 2919, 2441, 4152, 3748, 632, 280, 1217, 4338, 665, 4450, 3450, 2669, 2248, 2275, 2925, 1011, 1269, 2573, 180, 2718, 1337, 1747, 1738, 4652, 309, 3987, 4592, 953, 3522, 2156, 4658, 506, 897, 3274, 4614, 3602, 3401, 4000, 4628, 918, 3212, 3936, 7, 2797, 2092, 4750, 1778, 1572, 2509, 1961, 2870, 2790, 801, 28, 1218, 3202, 151, 1262, 4795, 2696, 1889, 615, 2181, 2273, 291, 4708, 783, 16, 2286, 339, 2917, 4400, 2406, 3592, 3380, 3700, 142, 2318, 2431, 4087, 3496, 1454, 2765, 3205, 4486, 3737, 3714, 2923, 2806, 2535, 3493, 713, 3139, 4809, 1024, 868, 3384, 1482, 623, 366, 559, 3508, 2944, 326, 2759, 2353, 1623, 1814, 1766, 408, 4776, 571, 2149, 1519, 1652, 1109, 4749, 2259, 3908, 1261, 3209, 2281, 2218, 761, 2584, 1413, 3469, 1640, 3235, 2476, 4632, 4712, 2610, 545, 3467, 435, 3518, 1414, 1502, 1327, 3171, 1012, 2628, 596, 24, 1676, 3740, 1163, 3251, 128, 744, 4718, 1515, 338, 2645, 2895, 671, 3414, 1497, 517, 3060, 4359, 1646, 4254, 1593, 2660, 2524, 4814, 57, 943, 770, 1995, 3951, 1290, 4026, 4171, 4106, 1785, 720, 4052, 3445, 3510, 2361, 3953, 2657, 1835, 3979, 2018, 1365, 528, 4480, 1056, 3686, 3786, 1544, 2025, 4309, 1793, 4075, 3892, 4619, 530, 101, 2869, 3810, 1612, 3453, 2071, 447, 2501, 975, 2494, 13, 3019, 246, 2983, 2338, 3673, 678, 45, 1632, 4242, 1832, 3468, 538, 4491, 4392, 4145, 3116, 4103, 4661, 236, 2587, 520, 4246, 3736, 1734, 3153, 4546, 4775, 1002, 4783, 4692, 2305, 4381, 4485, 1565, 3323, 3215, 3822, 3861, 4056, 2987, 3966, 1398, 89, 2500, 2290, 2345, 2325, 1190, 2528, 541, 4393, 550, 3174, 1674, 1772, 134, 2337, 1605, 4260, 3532, 3574, 3330, 826, 2246, 3233, 2989, 3697, 480, 2257, 1856, 450, 3749, 1039, 893, 425, 1111, 22, 1031, 93, 2462, 220, 2455, 687, 1348, 3437, 418, 4377, 4443, 3710, 2743, 1897, 3783, 1009, 81, 3294, 1824, 3750, 1943, 2596, 2230, 2754, 1089, 846, 4388, 962, 4686, 2590, 1704, 3588, 1240, 153, 39, 4292, 3610, 2549, 1193, 890, 3372, 3286, 3779, 1732, 3075, 688, 3491, 1258, 4731, 3646, 1463, 47, 187, 4035, 2932, 2401, 493, 3694, 2333, 3583, 3789, 4602, 993, 4596, 529, 1247, 2588, 4438, 1455, 889, 2984, 1660, 673, 4156, 1543, 2994, 2965, 2157, 3183, 3300, 3271, 4326, 2122, 994, 3529, 2605, 2437, 3809, 3844, 1227, 3461, 725, 3793, 4464, 1508, 183, 4623, 4714, 4635, 3352, 2440, 1160, 1891, 3499, 2722, 2100, 4045, 1829, 4014, 211, 2320, 2400, 3088, 3517, 4404, 967, 925, 2935, 1399, 2902, 2319, 344, 2690, 4132, 2697, 4064, 1957, 1439, 1614, 3644, 1841, 4317, 107, 3888, 4193, 2635, 2602, 4701, 1129, 570, 2915, 1450, 2427, 2541, 4174, 2625, 2362, 4748, 3767, 3395, 2282, 2877, 2034, 262, 2313, 516, 2291, 2898, 2414, 1274, 3002, 4095, 159, 2805, 3131, 2251, 3270, 2405, 3502, 1319, 1326, 1587, 378, 1665, 2045, 2852, 2913, 319, 3819, 2950, 4566, 3688, 282, 4608, 1685, 2780, 1973, 242, 1032, 1812, 1490, 622, 4501, 4620, 3464, 3774, 4627, 4460, 1065, 4728, 2459, 3587, 3178, 2661, 30, 2065, 793, 4500, 4168, 2087, 1382, 4782, 2570, 2866, 4251, 2031, 2536, 297, 1551, 1541, 3262, 38, 2827, 4535, 4774, 4358, 206, 2677, 4622, 1845, 633, 4569, 1381, 3029, 4031, 4715, 575, 1289, 2081, 603, 1445, 3607, 4061, 2381, 4227, 4609, 2800, 2627, 1602, 3351, 257, 34, 3931, 1316, 503, 1578, 4147, 1387, 2128, 4307, 1168, 3367, 2419, 2145, 3332, 2569, 1346, 3264, 1976, 1477, 2648, 4222, 3691, 3974, 2091, 4574, 4382, 3000, 2371, 2387, 961, 1027, 2164, 900, 2162, 1740, 2688, 4610, 4287, 3120, 2435, 4368, 1816, 4410, 4696, 3526, 4357, 1737, 3722, 1635, 2097, 535, 4294, 2134, 1038, 2413, 238, 394, 3886, 3257, 1699, 381, 2543, 3263, 2582, 1325, 2201, 160, 2559, 4327, 724, 1364, 551, 723, 1643, 2066, 1466, 1449, 1837, 2769, 2918, 32, 162, 4584, 764, 987, 2676, 608, 1801, 4415, 2733, 2856, 2142, 2289, 3962, 899, 3940, 3601, 4397, 3252, 866, 2957, 1469, 592, 1309, 1371, 239, 2386, 1250, 3897, 3854, 921, 3208, 3020, 1754, 1235, 2079, 1436, 4580, 4073, 1764, 838, 172, 524, 3036, 902, 4044, 3729, 3834, 2377, 1562, 998, 2616, 2109, 3724, 3523, 2038, 3835, 4411, 3870, 4732, 4406, 2012, 3923, 3797, 1522, 3158, 3166, 469, 1162, 4633, 785, 1213, 3933, 1904, 935, 1531, 143, 4645, 3850, 1949, 2196, 1877, 1840, 1244, 1711, 1076, 4164, 3679, 1896, 3925, 4791, 895, 2945, 4378, 3261, 3189, 3879, 4057, 2721, 3441, 1586, 1876, 3500, 1550, 4021, 648, 1854, 3290, 2107, 2881, 2043, 1108, 1238, 789, 1693, 432, 1124, 982, 3705, 1986, 4537, 237, 3391, 3378, 4184, 3425, 1987, 2489, 4149, 4015, 2123, 2712, 2843, 2531, 4548, 2019, 3667, 2668, 3133, 3191, 817, 3618, 3891, 2516, 1211, 931, 2010, 502, 4489, 1828, 566, 2148, 1698, 4461, 2481, 3961, 3256, 318, 4076, 3354, 3905, 3102, 492, 2421, 3794, 3315, 3087, 659, 1146, 3862, 4552, 3969, 4558, 3118, 1239, 1418, 1267, 560, 4740, 2921, 8, 4685, 33, 3505, 2662, 1343, 1571, 387, 3918, 3336, 693, 1133, 1046, 3177]>

at java.base/jdk.internal.reflect.NativeConstructorAccessorImpl.newInstance0(Native Method)
at java.base/jdk.internal.reflect.NativeConstructorAccessorImpl.newInstance(NativeConstructorAccessorImpl.java:77)
at java.base/jdk.internal.reflect.DelegatingConstructorAccessorImpl.newInstance(DelegatingConstructorAccessorImpl.java:45)
at java.base/java.lang.reflect.Constructor.newInstanceWithCaller(Constructor.java:499)
at java.base/java.lang.reflect.Constructor.newInstance(Constructor.java:480)
at org.codehaus.groovy.reflection.CachedConstructor.invoke(CachedConstructor.java:73)
at org.codehaus.groovy.runtime.callsite.ConstructorSite$ConstructorSiteNoUnwrapNoCoerce.callConstructor(ConstructorSite.java:108)
at org.codehaus.groovy.runtime.callsite.CallSiteArray.defaultCallConstructor(CallSiteArray.java:57)
at org.codehaus.groovy.runtime.callsite.AbstractCallSite.callConstructor(AbstractCallSite.java:263)
at org.codehaus.groovy.runtime.callsite.AbstractCallSite.callConstructor(AbstractCallSite.java:277)
at io.restassured.internal.ResponseSpecificationImpl$HamcrestAssertionClosure.validate(ResponseSpecificationImpl.groovy:512)
at io.restassured.internal.ResponseSpecificationImpl$HamcrestAssertionClosure$validate$1.call(Unknown Source)
at io.restassured.internal.ResponseSpecificationImpl.validateResponseIfRequired(ResponseSpecificationImpl.groovy:696)
at io.restassured.internal.ResponseSpecificationImpl.this$2$validateResponseIfRequired(ResponseSpecificationImpl.groovy)
at java.base/jdk.internal.reflect.NativeMethodAccessorImpl.invoke0(Native Method)
at java.base/jdk.internal.reflect.NativeMethodAccessorImpl.invoke(NativeMethodAccessorImpl.java:77)
at java.base/jdk.internal.reflect.DelegatingMethodAccessorImpl.invoke(DelegatingMethodAccessorImpl.java:43)
at java.base/java.lang.reflect.Method.invoke(Method.java:568)
at org.codehaus.groovy.runtime.callsite.PlainObjectMetaMethodSite.doInvoke(PlainObjectMetaMethodSite.java:43)
at org.codehaus.groovy.runtime.callsite.PogoMetaMethodSite$PogoCachedMethodSiteNoUnwrapNoCoerce.invoke(PogoMetaMethodSite.java:198)
at org.codehaus.groovy.runtime.callsite.PogoMetaMethodSite.callCurrent(PogoMetaMethodSite.java:62)
at org.codehaus.groovy.runtime.callsite.CallSiteArray.defaultCallCurrent(CallSiteArray.java:49)
at org.codehaus.groovy.runtime.callsite.AbstractCallSite.callCurrent(AbstractCallSite.java:171)
at org.codehaus.groovy.runtime.callsite.AbstractCallSite.callCurrent(AbstractCallSite.java:185)
at io.restassured.internal.ResponseSpecificationImpl.body(ResponseSpecificationImpl.groovy:270)
at io.restassured.specification.ResponseSpecification$body$1.callCurrent(Unknown Source)
at org.codehaus.groovy.runtime.callsite.CallSiteArray.defaultCallCurrent(CallSiteArray.java:49)
at org.codehaus.groovy.runtime.callsite.AbstractCallSite.callCurrent(AbstractCallSite.java:171)
at org.codehaus.groovy.runtime.callsite.AbstractCallSite.callCurrent(AbstractCallSite.java:212)
at io.restassured.internal.ResponseSpecificationImpl.body(ResponseSpecificationImpl.groovy:117)
at io.restassured.internal.ValidatableResponseOptionsImpl.body(ValidatableResponseOptionsImpl.java:244)
at alwayspracticehere.NewhTest.fioTest(NewhTest.java:45)
at java.base/jdk.internal.reflect.NativeMethodAccessorImpl.invoke0(Native Method)
at java.base/jdk.internal.reflect.NativeMethodAccessorImpl.invoke(NativeMethodAccessorImpl.java:77)
at java.base/jdk.internal.reflect.DelegatingMethodAccessorImpl.invoke(DelegatingMethodAccessorImpl.java:43)
at java.base/java.lang.reflect.Method.invoke(Method.java:568)
at org.testng.internal.invokers.MethodInvocationHelper.invokeMethod(MethodInvocationHelper.java:139)
at org.testng.internal.invokers.TestInvoker.invokeMethod(TestInvoker.java:677)
at org.testng.internal.invokers.TestInvoker.invokeTestMethod(TestInvoker.java:221)
at org.testng.internal.invokers.MethodRunner.runInSequence(MethodRunner.java:50)
at org.testng.internal.invokers.TestInvoker$MethodInvocationAgent.invoke(TestInvoker.java:969)
at org.testng.internal.invokers.TestInvoker.invokeTestMethods(TestInvoker.java:194)
at org.testng.internal.invokers.TestMethodWorker.invokeTestMethods(TestMethodWorker.java:148)
at org.testng.internal.invokers.TestMethodWorker.run(TestMethodWorker.java:128)
at java.base/java.util.ArrayList.forEach(ArrayList.java:1511)
at org.testng.TestRunner.privateRun(TestRunner.java:829)
at org.testng.TestRunner.run(TestRunner.java:602)
at org.testng.SuiteRunner.runTest(SuiteRunner.java:437)
at org.testng.SuiteRunner.runSequentially(SuiteRunner.java:431)
at org.testng.SuiteRunner.privateRun(SuiteRunner.java:391)
at org.testng.SuiteRunner.run(SuiteRunner.java:330)
at org.testng.SuiteRunnerWorker.runSuite(SuiteRunnerWorker.java:52)
at org.testng.SuiteRunnerWorker.run(SuiteRunnerWorker.java:95)
at org.testng.TestNG.runSuitesSequentially(TestNG.java:1256)
at org.testng.TestNG.runSuitesLocally(TestNG.java:1176)
at org.testng.TestNG.runSuites(TestNG.java:1099)
at org.testng.TestNG.run(TestNG.java:1067)
at org.testng.remote.AbstractRemoteTestNG.run(AbstractRemoteTestNG.java:115)
at org.testng.remote.RemoteTestNG.initAndRun(RemoteTestNG.java:251)
at org.testng.remote.RemoteTestNG.main(RemoteTestNG.java:77)
]]>
    </failure>
  </testcase> <!-- fioTest -->
  <system-out/>
</testsuite> <!-- alwayspracticehere.NewhTest -->
