<?xml version="1.0" encoding="UTF-8"?>
<!-- Generated by org.testng.reporters.JUnitReportReporter -->
<testsuite hostname="Pragti" failures="0" tests="1" name="alwayspracticehere.Post33Test" time="3.839" errors="0" timestamp="2024-07-09T12:35:45 IST" skipped="0">
  <testcase classname="alwayspracticehere.Post33Test" name="fTest" time="3.839"/>
  <system-out/>
</testsuite> <!-- alwayspracticehere.Post33Test -->
