<?xml version="1.0" encoding="UTF-8"?>
<!-- Generated by org.testng.reporters.JUnitReportReporter -->
<testsuite hostname="Pragti" failures="0" tests="1" name="d222.TTest" time="3.934" errors="0" timestamp="2024-08-25T09:43:20 IST" skipped="0">
  <testcase classname="d222.TTest" name="getTest" time="3.934"/>
  <system-out/>
</testsuite> <!-- d222.TTest -->
