<?xml version="1.0" encoding="UTF-8"?>
<!-- Generated by org.testng.reporters.JUnitReportReporter -->
<testsuite hostname="Pragti" failures="0" tests="1" name="alwayspracticehere.NegTest" time="3.454" errors="0" timestamp="2024-07-04T12:29:33 IST" skipped="0">
  <testcase classname="alwayspracticehere.NegTest" name="fTest" time="3.454"/>
  <system-out/>
</testsuite> <!-- alwayspracticehere.NegTest -->
