<?xml version="1.0" encoding="UTF-8"?>
<!-- Generated by org.testng.reporters.JUnitReportReporter -->
<testsuite hostname="Pragti" failures="0" tests="1" name="alwayspracticehere.postTest" time="3.567" errors="0" timestamp="2024-07-26T17:26:46 IST" skipped="0">
  <testcase classname="alwayspracticehere.postTest" name="fTest" time="3.567"/>
  <system-out/>
</testsuite> <!-- alwayspracticehere.postTest -->
