<?xml version="1.0" encoding="UTF-8"?>
<!-- Generated by org.testng.reporters.JUnitReportReporter -->
<testsuite hostname="Pragti" failures="0" tests="3" name="alwayspracticehere.Gettt33est" time="6.661" errors="0" timestamp="2024-10-12T12:32:15 IST" skipped="0">
  <testcase classname="alwayspracticehere.Gettt33est" name="fcfTest" time="0.813"/>
  <system-out/>
  <testcase classname="alwayspracticehere.Gettt33est" name="fTest" time="4.904"/>
  <system-out/>
  <testcase classname="alwayspracticehere.Gettt33est" name="ffffffTest" time="0.944"/>
  <system-out/>
</testsuite> <!-- alwayspracticehere.Gettt33est -->
