<?xml version="1.0" encoding="UTF-8"?>
<!-- Generated by org.testng.reporters.JUnitReportReporter -->
<testsuite hostname="Pragti" failures="0" tests="1" name="d222.NewgeteeeeTest" time="5.176" errors="0" timestamp="2024-09-09T12:33:24 IST" skipped="0">
  <testcase classname="d222.NewgeteeeeTest" name="GTest" time="5.176"/>
  <system-out/>
</testsuite> <!-- d222.NewgeteeeeTest -->
