<?xml version="1.0" encoding="UTF-8"?>
<!-- Generated by org.testng.reporters.JUnitReportReporter -->
<testsuite hostname="Pragti" failures="0" tests="1" name="alwayspracticehere.GetttttT222222222Test" time="4.551" errors="0" timestamp="2024-10-10T08:34:46 IST" skipped="0">
  <testcase classname="alwayspracticehere.GetttttT222222222Test" name="fl8800iTest" time="4.551"/>
  <system-out/>
</testsuite> <!-- alwayspracticehere.GetttttT222222222Test -->
