<?xml version="1.0" encoding="UTF-8"?>
<!-- Generated by org.testng.reporters.JUnitReportReporter -->
<testsuite hostname="Pragti" failures="0" tests="1" name="alwayspracticehere.InterviewqTest" time="5.131" errors="0" timestamp="2024-04-27T13:18:52 IST" skipped="0">
  <testcase classname="alwayspracticehere.InterviewqTest" name="fTest" time="5.131"/>
  <system-out/>
</testsuite> <!-- alwayspracticehere.InterviewqTest -->
