<?xml version="1.0" encoding="UTF-8"?>
<!-- Generated by org.testng.reporters.JUnitReportReporter -->
<testsuite hostname="Pragti" failures="0" tests="2" name="alwayspracticehere.NewfTest" time="0.078" errors="0" timestamp="2024-07-31T15:01:06 IST" skipped="0">
  <testcase classname="alwayspracticehere.NewfTest" name="uTest" time="0.066"/>
  <system-out/>
  <testcase classname="alwayspracticehere.NewfTest" name="jTest" time="0.012"/>
  <system-out/>
</testsuite> <!-- alwayspracticehere.NewfTest -->
