<?xml version="1.0" encoding="UTF-8"?>
<!-- Generated by org.testng.reporters.JUnitReportReporter -->
<testsuite hostname="Pragti" failures="0" tests="1" name="alwayspracticehere.NewgetTestgetTestTest" time="3.656" errors="0" timestamp="2024-07-15T11:59:41 IST" skipped="0">
  <testcase classname="alwayspracticehere.NewgetTestgetTestTest" name="fTest" time="3.656"/>
  <system-out/>
</testsuite> <!-- alwayspracticehere.NewgetTestgetTestTest -->
