<?xml version="1.0" encoding="UTF-8"?>
<!-- Generated by org.testng.reporters.JUnitReportReporter -->
<testsuite hostname="Pragti" failures="0" tests="3" name="alwayspracticehere.NewdddTest" time="5.667" errors="0" timestamp="2024-08-22T13:18:56 IST" skipped="0">
  <testcase classname="alwayspracticehere.NewdddTest" name="f1Test" time="3.528"/>
  <system-out/>
  <testcase classname="alwayspracticehere.NewdddTest" name="f2Test" time="0.146"/>
  <system-out/>
  <testcase classname="alwayspracticehere.NewdddTest" name="fTest" time="1.993"/>
  <system-out/>
</testsuite> <!-- alwayspracticehere.NewdddTest -->
