<?xml version="1.0" encoding="UTF-8"?>
<!-- Generated by org.testng.reporters.JUnitReportReporter -->
<testsuite hostname="Pragti" failures="0" tests="1" name="dccv.NewTest" time="7.568" errors="0" timestamp="2024-08-10T10:40:51 IST" skipped="0">
  <testcase classname="dccv.NewTest" name="fTest" time="7.568"/>
  <system-out/>
</testsuite> <!-- dccv.NewTest -->
