<?xml version="1.0" encoding="UTF-8"?>
<!-- Generated by org.testng.reporters.JUnitReportReporter -->
<testsuite hostname="Pragti" failures="0" tests="2" name="alwayspracticehere.NejjjkkTest" time="5.516" errors="0" timestamp="2024-08-16T15:04:46 IST" skipped="0">
  <testcase classname="alwayspracticehere.NejjjkkTest" name="eTest" time="4.116"/>
  <system-out/>
  <testcase classname="alwayspracticehere.NejjjkkTest" name="fTest" time="1.400"/>
  <system-out/>
</testsuite> <!-- alwayspracticehere.NejjjkkTest -->
