<?xml version="1.0" encoding="UTF-8"?>
<!-- Generated by org.testng.reporters.JUnitReportReporter -->
<testsuite hostname="Pragti" failures="0" tests="1" name="pac111.NewdddTest" time="3.579" errors="0" timestamp="2024-08-12T17:51:24 IST" skipped="0">
  <testcase classname="pac111.NewdddTest" name="fTest" time="3.579"/>
  <system-out/>
</testsuite> <!-- pac111.NewdddTest -->
