<?xml version="1.0" encoding="UTF-8"?>
<!-- Generated by org.testng.reporters.JUnitReportReporter -->
<testsuite hostname="Pragti" failures="0" tests="1" name="jsonschemavalidator.NewTest" time="4.565" errors="0" timestamp="2024-08-09T17:56:02 IST" skipped="0">
  <testcase classname="jsonschemavalidator.NewTest" name="getTest" time="4.565"/>
  <system-out/>
</testsuite> <!-- jsonschemavalidator.NewTest -->
