<?xml version="1.0" encoding="UTF-8"?>
<!-- Generated by org.testng.reporters.JUnitReportReporter -->
<testsuite hostname="Pragti" failures="0" tests="1" name="alwayspracticehere.gtTest" time="4.096" errors="0" timestamp="2024-08-14T12:22:32 IST" skipped="0">
  <testcase classname="alwayspracticehere.gtTest" name="getTest" time="4.096"/>
  <system-out/>
</testsuite> <!-- alwayspracticehere.gtTest -->
