<?xml version="1.0" encoding="UTF-8"?>
<!-- Generated by org.testng.reporters.JUnitReportReporter -->
<testsuite hostname="Pragti" failures="0" tests="1" name="alwayspracticehere.GetrrrrrTest" time="4.068" errors="0" timestamp="2024-09-24T11:58:19 IST" skipped="0">
  <testcase classname="alwayspracticehere.GetrrrrrTest" name="fddddeTest" time="4.068"/>
  <system-out/>
</testsuite> <!-- alwayspracticehere.GetrrrrrTest -->
