<?xml version="1.0" encoding="UTF-8"?>
<!-- Generated by org.testng.reporters.JUnitReportReporter -->
<testsuite hostname="Pragti" failures="0" tests="1" name="alwayspracticehere.NewyyyyyTest" time="3.297" errors="0" timestamp="2024-04-10T11:49:42 IST" skipped="0">
  <testcase classname="alwayspracticehere.NewyyyyyTest" name="fTest" time="3.297"/>
  <system-out/>
</testsuite> <!-- alwayspracticehere.NewyyyyyTest -->
