<?xml version="1.0" encoding="UTF-8"?>
<!-- Generated by org.testng.reporters.JUnitReportReporter -->
<testsuite hostname="Pragti" failures="0" tests="1" name="hamcrestassertions.AssertionsssssTest" time="4.402" errors="0" timestamp="2024-04-08T15:19:10 IST" skipped="0">
  <testcase classname="hamcrestassertions.AssertionsssssTest" name="fTest" time="4.402"/>
  <system-out/>
</testsuite> <!-- hamcrestassertions.AssertionsssssTest -->
