<?xml version="1.0" encoding="UTF-8"?>
<!-- Generated by org.testng.reporters.JUnitReportReporter -->
<testsuite hostname="Pragti" failures="0" tests="1" name="alwayspracticehere.NewccTest" time="5.775" errors="0" timestamp="2024-08-13T11:49:38 IST" skipped="0">
  <testcase classname="alwayspracticehere.NewccTest" name="getTest" time="5.775"/>
  <system-out/>
</testsuite> <!-- alwayspracticehere.NewccTest -->
