<?xml version="1.0" encoding="UTF-8"?>
<!-- Generated by org.testng.reporters.JUnitReportReporter -->
<testsuite hostname="Pragti" failures="0" tests="3" name="tests.GetTest" time="3.292" errors="0" timestamp="2024-04-03T13:07:16 IST" skipped="0">
  <testcase classname="tests.GetTest" name="postTest" time="3.168"/>
  <system-out/>
  <testcase classname="tests.GetTest" name="postiTest" time="0.004"/>
  <system-out/>
  <testcase classname="tests.GetTest" name="getTest" time="0.120"/>
  <system-out/>
</testsuite> <!-- tests.GetTest -->
