<?xml version="1.0" encoding="UTF-8"?>
<!-- Generated by org.testng.reporters.JUnitReportReporter -->
<testsuite hostname="Pragti" failures="0" tests="1" name="alwayspracticehere.GerrrrTest" time="4.062" errors="0" timestamp="2024-07-25T12:10:46 IST" skipped="0">
  <testcase classname="alwayspracticehere.GerrrrTest" name="getTest" time="4.062"/>
  <system-out/>
</testsuite> <!-- alwayspracticehere.GerrrrTest -->
