<?xml version="1.0" encoding="UTF-8"?>
<!-- Generated by org.testng.reporters.JUnitReportReporter -->
<testsuite hostname="Pragti" failures="0" tests="1" name="alwayspracticehere.NewkTest" time="5.502" errors="0" timestamp="2024-05-04T15:28:48 IST" skipped="0">
  <testcase classname="alwayspracticehere.NewkTest" name="fklklTest" time="5.502"/>
  <system-out/>
</testsuite> <!-- alwayspracticehere.NewkTest -->
