<?xml version="1.0" encoding="UTF-8"?>
<!-- Generated by org.testng.reporters.JUnitReportReporter -->
<testsuite hostname="Pragti" failures="0" tests="1" name="alwayspracticehere.NewddddTest" time="4.365" errors="0" timestamp="2024-08-21T12:59:41 IST" skipped="0">
  <testcase classname="alwayspracticehere.NewddddTest" name="getTest" time="4.365"/>
  <system-out/>
</testsuite> <!-- alwayspracticehere.NewddddTest -->
