<?xml version="1.0" encoding="UTF-8"?>
<!-- Generated by org.testng.reporters.JUnitReportReporter -->
<testsuite hostname="Pragti" failures="0" tests="1" name="alwayspracticehere.NewgetgetTest" time="4.751" errors="0" timestamp="2024-07-20T15:31:33 IST" skipped="0">
  <testcase classname="alwayspracticehere.NewgetgetTest" name="fiTest" time="4.751"/>
  <system-out/>
</testsuite> <!-- alwayspracticehere.NewgetgetTest -->
