<?xml version="1.0" encoding="UTF-8"?>
<!-- Generated by org.testng.reporters.JUnitReportReporter -->
<testsuite hostname="Pragti" failures="0" tests="1" name="wat.GetTest" time="2.993" errors="0" timestamp="2024-06-26T11:47:56 IST" skipped="0">
  <testcase classname="wat.GetTest" name="fgTest" time="2.993"/>
  <system-out/>
</testsuite> <!-- wat.GetTest -->
