<?xml version="1.0" encoding="UTF-8"?>
<!-- Generated by org.testng.reporters.JUnitReportReporter -->
<testsuite hostname="Pragti" failures="0" tests="1" name="paassss.New333Test" time="4.207" errors="0" timestamp="2024-08-27T11:57:35 IST" skipped="0">
  <testcase classname="paassss.New333Test" name="fTest" time="4.207"/>
  <system-out/>
</testsuite> <!-- paassss.New333Test -->
