<?xml version="1.0" encoding="UTF-8"?>
<!-- Generated by org.testng.reporters.JUnitReportReporter -->
<testsuite hostname="Pragti" failures="0" tests="1" name="alwayspracticehere.PosttttTest" time="3.510" errors="0" timestamp="2024-06-18T10:00:20 IST" skipped="0">
  <testcase classname="alwayspracticehere.PosttttTest" name="fTest" time="3.510"/>
  <system-out/>
</testsuite> <!-- alwayspracticehere.PosttttTest -->
