<?xml version="1.0" encoding="UTF-8"?>
<!-- Generated by org.testng.reporters.JUnitReportReporter -->
<testsuite hostname="Pragti" failures="0" tests="1" name="alwayspracticehere.NejjjkkTest" time="5.599" errors="0" timestamp="2024-09-23T16:04:27 IST" skipped="0">
  <testcase classname="alwayspracticehere.NejjjkkTest" name="erTest" time="5.599"/>
  <system-out/>
</testsuite> <!-- alwayspracticehere.NejjjkkTest -->
