<?xml version="1.0" encoding="UTF-8"?>
<!-- Generated by org.testng.reporters.JUnitReportReporter -->
<testsuite hostname="Pragti" failures="0" tests="1" name="alwayspracticehere.getgetgetTest" time="3.989" errors="0" timestamp="2024-07-02T15:55:08 IST" skipped="0">
  <testcase classname="alwayspracticehere.getgetgetTest" name="fTest" time="3.989"/>
  <system-out/>
</testsuite> <!-- alwayspracticehere.getgetgetTest -->
