<?xml version="1.0" encoding="UTF-8"?>
<!-- Generated by org.testng.reporters.JUnitReportReporter -->
<testsuite hostname="Pragti" failures="0" tests="1" name="d222.New222Test" time="6.037" errors="0" timestamp="2024-08-20T15:42:59 IST" skipped="0">
  <testcase classname="d222.New222Test" name="fTest" time="6.037"/>
  <system-out/>
</testsuite> <!-- d222.New222Test -->
