<?xml version="1.0" encoding="UTF-8"?>
<!-- Generated by org.testng.reporters.JUnitReportReporter -->
<testsuite hostname="Pragti" failures="0" tests="1" name="alwayspracticehere.putdddTest" time="4.072" errors="0" timestamp="2024-07-08T16:47:27 IST" skipped="0">
  <testcase classname="alwayspracticehere.putdddTest" name="fTest" time="4.072"/>
  <system-out/>
</testsuite> <!-- alwayspracticehere.putdddTest -->
