<?xml version="1.0" encoding="UTF-8"?>
<!-- Generated by org.testng.reporters.JUnitReportReporter -->
<testsuite hostname="Pragti" failures="0" tests="1" name="alwayspracticehere.posytttttTest" time="3.878" errors="0" timestamp="2024-07-30T12:17:42 IST" skipped="0">
  <testcase classname="alwayspracticehere.posytttttTest" name="fTest" time="3.878"/>
  <system-out/>
</testsuite> <!-- alwayspracticehere.posytttttTest -->
