<?xml version="1.0" encoding="UTF-8"?>
<!-- Generated by org.testng.reporters.JUnitReportReporter -->
<testsuite hostname="Pragti" failures="0" tests="1" name="hamcrestassertions.Assertions1Test" time="3.932" errors="0" timestamp="2024-04-06T11:39:29 IST" skipped="0">
  <testcase classname="hamcrestassertions.Assertions1Test" name="gTest" time="3.932"/>
  <system-out/>
</testsuite> <!-- hamcrestassertions.Assertions1Test -->
