<?xml version="1.0" encoding="UTF-8"?>
<!-- Generated by org.testng.reporters.JUnitReportReporter -->
<testsuite hostname="Pragti" failures="0" tests="1" name="wassssssssssss.NewTest" time="4.129" errors="0" timestamp="2024-07-16T15:09:57 IST" skipped="0">
  <testcase classname="wassssssssssss.NewTest" name="getiTest" time="4.129"/>
  <system-out/>
</testsuite> <!-- wassssssssssss.NewTest -->
