<?xml version="1.0" encoding="UTF-8"?>
<!-- Generated by org.testng.reporters.JUnitReportReporter -->
<testsuite hostname="Pragti" failures="0" tests="1" name="k.NewdddTest" time="6.049" errors="0" timestamp="2024-08-02T13:34:54 IST" skipped="0">
  <testcase classname="k.NewdddTest" name="fTest" time="6.049"/>
  <system-out/>
</testsuite> <!-- k.NewdddTest -->
