<?xml version="1.0" encoding="UTF-8"?>
<!-- Generated by org.testng.reporters.JUnitReportReporter -->
<testsuite hostname="Pragti" failures="0" tests="4" name="alwayspracticehere.ttTest" time="5.297" errors="0" timestamp="2024-10-01T16:20:32 IST" skipped="0">
  <testcase classname="alwayspracticehere.ttTest" name="fiiTest" time="0.284"/>
  <system-out/>
  <testcase classname="alwayspracticehere.ttTest" name="fiiiTest" time="0.423"/>
  <system-out/>
  <testcase classname="alwayspracticehere.ttTest" name="fiTest" time="0.417"/>
  <system-out/>
  <testcase classname="alwayspracticehere.ttTest" name="fTest" time="4.173"/>
  <system-out/>
</testsuite> <!-- alwayspracticehere.ttTest -->
